#
# There is insufficient memory for the Java Runtime Environment to continue.
# Native memory allocation (malloc) failed to allocate 960256 bytes for Chunk::new
# Possible reasons:
#   The system is out of physical RAM or swap space
#   The process is running with CompressedOops enabled, and the Java Heap may be blocking the growth of the native heap
# Possible solutions:
#   Reduce memory load on the system
#   Increase physical memory or swap space
#   Check if swap backing store is full
#   Decrease Java heap size (-Xmx/-Xms)
#   Decrease number of Java threads
#   Decrease Java thread stack sizes (-Xss)
#   Set larger code cache with -XX:ReservedCodeCacheSize=
#   JVM is running with Unscaled Compressed Oops mode in which the Java heap is
#     placed in the first 4GB address space. The Java Heap base address is the
#     maximum limit for the native heap growth. Please use -XX:HeapBaseMinAddress
#     to set the Java Heap base and to place the Java Heap above 4GB virtual address.
# This output file may be truncated or incomplete.
#
#  Out of Memory Error (./src/hotspot/share/memory/arena.cpp:197), pid=5088, tid=15720
#
# JRE version: OpenJDK Runtime Environment Corretto-11.0.18.10.1 (11.0.18+10) (build 11.0.18+10-LTS)
# Java VM: OpenJDK 64-Bit Server VM Corretto-11.0.18.10.1 (11.0.18+10-LTS, mixed mode, tiered, compressed oops, g1 gc, windows-amd64)
# No core dump will be written. Minidumps are not enabled by default on client versions of Windows
#

---------------  S U M M A R Y ------------

Command Line: --add-opens=java.base/java.util=ALL-UNNAMED --add-opens=java.base/java.lang=ALL-UNNAMED --add-opens=java.base/java.lang.invoke=ALL-UNNAMED --add-opens=java.base/java.util=ALL-UNNAMED --add-opens=java.prefs/java.util.prefs=ALL-UNNAMED --add-opens=java.prefs/java.util.prefs=ALL-UNNAMED --add-opens=java.base/java.nio.charset=ALL-UNNAMED --add-opens=java.base/java.net=ALL-UNNAMED --add-opens=java.base/java.util.concurrent.atomic=ALL-UNNAMED -XX:MaxMetaspaceSize=256m -XX:+HeapDumpOnOutOfMemoryError -Xms256m -Xmx512m -Dfile.encoding=windows-1251 -Duser.country=RU -Duser.language=ru -Duser.variant org.gradle.launcher.daemon.bootstrap.GradleDaemon 7.5.1

Host: AMD Athlon 300U with Radeon Vega Mobile Gfx    , 4 cores, 3G,  Windows 10 , 64 bit Build 19041 (10.0.19041.3155)
Time: Mon Aug 28 12:18:23 2023 RTZ 6 (s 10 , 64 bit Build 19041 (10.0.19041.3155) elapsed time: 70.292371 seconds (0d 0h 1m 10s)

---------------  T H R E A D  ---------------

Current thread (0x00000285f6a6e800):  JavaThread "C2 CompilerThread0" daemon [_thread_in_native, id=15720, stack(0x000000e029a00000,0x000000e029b00000)]


Current CompileTask:
C2:  70293 8134       4       sun.reflect.generics.parser.SignatureParser::parseFieldTypeSignature (73 bytes)

Stack: [0x000000e029a00000,0x000000e029b00000]
Native frames: (J=compiled Java code, j=interpreted, Vv=VM code, C=native code)
V  [jvm.dll+0x622d9a]
V  [jvm.dll+0x7b0289]
V  [jvm.dll+0x7b1978]
V  [jvm.dll+0x7b2053]
V  [jvm.dll+0x24fe08]
V  [jvm.dll+0xc264c]
V  [jvm.dll+0xc2c0c]
V  [jvm.dll+0x2c3d84]
V  [jvm.dll+0x53197c]
V  [jvm.dll+0x21137b]
V  [jvm.dll+0x20b0e4]
V  [jvm.dll+0x2082fb]
V  [jvm.dll+0x18a3c1]
V  [jvm.dll+0x217ac4]
V  [jvm.dll+0x215d0b]
V  [jvm.dll+0x772d90]
V  [jvm.dll+0x76bcc4]
V  [jvm.dll+0x621c05]
C  [ucrtbase.dll+0x21bb2]
C  [KERNEL32.DLL+0x17614]
C  [ntdll.dll+0x526b1]


---------------  P R O C E S S  ---------------

Threads class SMR info:
_java_thread_list=0x00000285fd1c9260, length=99, elements={
0x00000285ea16b800, 0x00000285f6107800, 0x00000285f60fe000, 0x00000285f6a68000,
0x00000285f6a69000, 0x00000285f6a6c800, 0x00000285f6a6e800, 0x00000285f6a76000,
0x00000285f6a9c800, 0x00000285f6c0a000, 0x00000285f8b05800, 0x00000285f92b2800,
0x00000285f9569800, 0x00000285f8299800, 0x00000285f85ee800, 0x00000285f9402800,
0x00000285f7bc7800, 0x00000285f7fcd800, 0x00000285f7fce000, 0x00000285f7bfd800,
0x00000285f74ac800, 0x00000285f74ad800, 0x00000285f74ab000, 0x00000285f74ae000,
0x00000285f74af000, 0x00000285f74a9800, 0x00000285f74b0000, 0x00000285f74ab800,
0x00000285f74aa000, 0x00000285f932d800, 0x00000285f9328000, 0x00000285f9329800,
0x00000285f932c000, 0x00000285f932d000, 0x00000285f932e800, 0x00000285f9328800,
0x00000285f932f000, 0x00000285f9330000, 0x00000285f932a800, 0x00000285f9331000,
0x00000285f9334000, 0x00000285f9335000, 0x00000285f9335800, 0x00000285f9332800,
0x00000285f9336800, 0x00000285f9331800, 0x00000285f9333800, 0x00000285fa9d1000,
0x00000285fa9d3800, 0x00000285fa9d2000, 0x00000285fa9d4800, 0x00000285fa9d8000,
0x00000285fa9d8800, 0x00000285fa9d7000, 0x00000285fa9d5800, 0x00000285fa9d3000,
0x00000285fa9d9800, 0x00000285fa9dc000, 0x00000285fa9da000, 0x00000285fa9db000,
0x00000285fa9d6000, 0x00000285fa9dc800, 0x00000285fa9e0000, 0x00000285fa9de800,
0x00000285fa9dd800, 0x00000285fa9df000, 0x00000285fa098000, 0x00000285fa093000,
0x00000285fa095800, 0x00000285fa096800, 0x00000285fa097000, 0x00000285fa099800,
0x00000285fa094800, 0x00000285fa099000, 0x00000285fa094000, 0x00000285fa09a800,
0x00000285fa09c000, 0x00000285fa0a1000, 0x00000285fa09d000, 0x00000285fa09b800,
0x00000285fa09e800, 0x00000285fa09f800, 0x00000285fa09d800, 0x00000285fa0a2000,
0x00000285fa0a0000, 0x00000285f7989800, 0x00000285f798a800, 0x00000285f798b800,
0x00000285f7989000, 0x00000285f7985800, 0x00000285f798c000, 0x00000285f7986800,
0x00000285f7987000, 0x00000285f7992000, 0x00000285f7993800, 0x00000285f798e800,
0x00000285f798f800, 0x00000285f7990000, 0x00000285f7991000
}

Java Threads: ( => current thread )
  0x00000285ea16b800 JavaThread "main" [_thread_blocked, id=7952, stack(0x000000e028e00000,0x000000e028f00000)]
  0x00000285f6107800 JavaThread "Reference Handler" daemon [_thread_blocked, id=20328, stack(0x000000e029500000,0x000000e029600000)]
  0x00000285f60fe000 JavaThread "Finalizer" daemon [_thread_blocked, id=19596, stack(0x000000e029600000,0x000000e029700000)]
  0x00000285f6a68000 JavaThread "Signal Dispatcher" daemon [_thread_blocked, id=18488, stack(0x000000e029700000,0x000000e029800000)]
  0x00000285f6a69000 JavaThread "Attach Listener" daemon [_thread_blocked, id=19812, stack(0x000000e029800000,0x000000e029900000)]
  0x00000285f6a6c800 JavaThread "Service Thread" daemon [_thread_blocked, id=19728, stack(0x000000e029900000,0x000000e029a00000)]
=>0x00000285f6a6e800 JavaThread "C2 CompilerThread0" daemon [_thread_in_native, id=15720, stack(0x000000e029a00000,0x000000e029b00000)]
  0x00000285f6a76000 JavaThread "C1 CompilerThread0" daemon [_thread_blocked, id=16960, stack(0x000000e029b00000,0x000000e029c00000)]
  0x00000285f6a9c800 JavaThread "Sweeper thread" daemon [_thread_blocked, id=20168, stack(0x000000e029c00000,0x000000e029d00000)]
  0x00000285f6c0a000 JavaThread "Common-Cleaner" daemon [_thread_blocked, id=6204, stack(0x000000e029d00000,0x000000e029e00000)]
  0x00000285f8b05800 JavaThread "Daemon health stats" [_thread_blocked, id=13496, stack(0x000000e02a200000,0x000000e02a300000)]
  0x00000285f92b2800 JavaThread "Incoming local TCP Connector on port 53256" [_thread_in_native, id=9132, stack(0x000000e02a300000,0x000000e02a400000)]
  0x00000285f9569800 JavaThread "Daemon periodic checks" [_thread_blocked, id=5668, stack(0x000000e02a400000,0x000000e02a500000)]
  0x00000285f8299800 JavaThread "Daemon" [_thread_blocked, id=19188, stack(0x000000e02a500000,0x000000e02a600000)]
  0x00000285f85ee800 JavaThread "Handler for socket connection from /127.0.0.1:53256 to /127.0.0.1:53257" [_thread_in_native, id=18632, stack(0x000000e02a600000,0x000000e02a700000)]
  0x00000285f9402800 JavaThread "Cancel handler" [_thread_blocked, id=6252, stack(0x000000e02a700000,0x000000e02a800000)]
  0x00000285f7bc7800 JavaThread "Daemon worker" [_thread_blocked, id=19980, stack(0x000000e02a800000,0x000000e02a900000)]
  0x00000285f7fcd800 JavaThread "Asynchronous log dispatcher for DefaultDaemonConnection: socket connection from /127.0.0.1:53256 to /127.0.0.1:53257" [_thread_blocked, id=15956, stack(0x000000e02a900000,0x000000e02aa00000)]
  0x00000285f7fce000 JavaThread "Stdin handler" [_thread_blocked, id=16588, stack(0x000000e02aa00000,0x000000e02ab00000)]
  0x00000285f7bfd800 JavaThread "Daemon client event forwarder" [_thread_blocked, id=14448, stack(0x000000e02ab00000,0x000000e02ac00000)]
  0x00000285f74ac800 JavaThread "Cache worker for journal cache (C:\Users\leroc\.gradle\caches\journal-1)" [_thread_blocked, id=16420, stack(0x000000e02ac00000,0x000000e02ad00000)]
  0x00000285f74ad800 JavaThread "File lock request listener" [_thread_in_native, id=17704, stack(0x000000e02ad00000,0x000000e02ae00000)]
  0x00000285f74ab000 JavaThread "Cache worker for file hash cache (C:\Users\leroc\.gradle\caches\7.5.1\fileHashes)" [_thread_blocked, id=16796, stack(0x000000e02ae00000,0x000000e02af00000)]
  0x00000285f74ae000 JavaThread "File watcher server" daemon [_thread_in_native, id=19944, stack(0x000000e02af00000,0x000000e02b000000)]
  0x00000285f74af000 JavaThread "File watcher consumer" daemon [_thread_blocked, id=2780, stack(0x000000e02b000000,0x000000e02b100000)]
  0x00000285f74a9800 JavaThread "Cache worker for checksums cache (C:\Users\leroc\OneDrive\MyProjects\ATaskFirst\.gradle\7.5.1\checksums)" [_thread_blocked, id=1456, stack(0x000000e02b100000,0x000000e02b200000)]
  0x00000285f74b0000 JavaThread "Cache worker for cache directory md-rule (C:\Users\leroc\.gradle\caches\7.5.1\md-rule)" [_thread_blocked, id=13296, stack(0x000000e02b200000,0x000000e02b300000)]
  0x00000285f74ab800 JavaThread "Cache worker for file content cache (C:\Users\leroc\.gradle\caches\7.5.1\fileContent)" [_thread_blocked, id=5436, stack(0x000000e02b300000,0x000000e02b400000)]
  0x00000285f74aa000 JavaThread "Cache worker for file hash cache (C:\Users\leroc\OneDrive\MyProjects\ATaskFirst\.gradle\7.5.1\fileHashes)" [_thread_blocked, id=20312, stack(0x000000e02b400000,0x000000e02b500000)]
  0x00000285f932d800 JavaThread "Cache worker for cache directory md-supplier (C:\Users\leroc\.gradle\caches\7.5.1\md-supplier)" [_thread_blocked, id=7416, stack(0x000000e02b500000,0x000000e02b600000)]
  0x00000285f9328000 JavaThread "Cache worker for execution history cache (C:\Users\leroc\.gradle\caches\7.5.1\executionHistory)" [_thread_blocked, id=5696, stack(0x000000e02b600000,0x000000e02b700000)]
  0x00000285f9329800 JavaThread "jar transforms" [_thread_blocked, id=18712, stack(0x000000e02b700000,0x000000e02b800000)]
  0x00000285f932c000 JavaThread "jar transforms Thread 2" [_thread_blocked, id=15812, stack(0x000000e02b800000,0x000000e02b900000)]
  0x00000285f932d000 JavaThread "jar transforms Thread 3" [_thread_blocked, id=19124, stack(0x000000e02b900000,0x000000e02ba00000)]
  0x00000285f932e800 JavaThread "jar transforms Thread 4" [_thread_blocked, id=14472, stack(0x000000e02ba00000,0x000000e02bb00000)]
  0x00000285f9328800 JavaThread "Cache worker for dependencies-accessors (C:\Users\leroc\OneDrive\MyProjects\ATaskFirst\.gradle\7.5.1\dependencies-accessors)" [_thread_blocked, id=2320, stack(0x000000e02bb00000,0x000000e02bc00000)]
  0x00000285f932f000 JavaThread "Cache worker for Build Output Cleanup Cache (C:\Users\leroc\OneDrive\MyProjects\ATaskFirst\.gradle\buildOutputCleanup)" [_thread_blocked, id=16520, stack(0x000000e02bc00000,0x000000e02bd00000)]
  0x00000285f9330000 JavaThread "Unconstrained build operations" [_thread_blocked, id=17472, stack(0x000000e02bd00000,0x000000e02be00000)]
  0x00000285f932a800 JavaThread "Memory manager" [_thread_blocked, id=2464, stack(0x000000e02be00000,0x000000e02bf00000)]
  0x00000285f9331000 JavaThread "included builds" [_thread_blocked, id=16456, stack(0x000000e02bf00000,0x000000e02c000000)]
  0x00000285f9334000 JavaThread "Execution worker" [_thread_blocked, id=11128, stack(0x000000e02c000000,0x000000e02c100000)]
  0x00000285f9335000 JavaThread "Execution worker Thread 2" [_thread_blocked, id=6004, stack(0x000000e02c100000,0x000000e02c200000)]
  0x00000285f9335800 JavaThread "Execution worker Thread 3" [_thread_blocked, id=20272, stack(0x000000e02c200000,0x000000e02c300000)]
  0x00000285f9332800 JavaThread "Cache worker for execution history cache (C:\Users\leroc\OneDrive\MyProjects\ATaskFirst\.gradle\7.5.1\executionHistory)" [_thread_blocked, id=8860, stack(0x000000e02c300000,0x000000e02c400000)]
  0x00000285f9336800 JavaThread "Unconstrained build operations Thread 2" [_thread_blocked, id=4644, stack(0x000000e02c400000,0x000000e02c500000)]
  0x00000285f9331800 JavaThread "Unconstrained build operations Thread 3" [_thread_blocked, id=17828, stack(0x000000e02c500000,0x000000e02c600000)]
  0x00000285f9333800 JavaThread "Unconstrained build operations Thread 4" [_thread_blocked, id=14644, stack(0x000000e02c600000,0x000000e02c700000)]
  0x00000285fa9d1000 JavaThread "Unconstrained build operations Thread 5" [_thread_blocked, id=2812, stack(0x000000e02c700000,0x000000e02c800000)]
  0x00000285fa9d3800 JavaThread "Unconstrained build operations Thread 6" [_thread_blocked, id=19540, stack(0x000000e02c800000,0x000000e02c900000)]
  0x00000285fa9d2000 JavaThread "Unconstrained build operations Thread 7" [_thread_blocked, id=15060, stack(0x000000e02c900000,0x000000e02ca00000)]
  0x00000285fa9d4800 JavaThread "Unconstrained build operations Thread 8" [_thread_blocked, id=4692, stack(0x000000e02ca00000,0x000000e02cb00000)]
  0x00000285fa9d8000 JavaThread "Unconstrained build operations Thread 9" [_thread_blocked, id=5112, stack(0x000000e02cb00000,0x000000e02cc00000)]
  0x00000285fa9d8800 JavaThread "Unconstrained build operations Thread 10" [_thread_blocked, id=14112, stack(0x000000e02cc00000,0x000000e02cd00000)]
  0x00000285fa9d7000 JavaThread "Unconstrained build operations Thread 11" [_thread_blocked, id=18104, stack(0x000000e02cd00000,0x000000e02ce00000)]
  0x00000285fa9d5800 JavaThread "Unconstrained build operations Thread 12" [_thread_blocked, id=17660, stack(0x000000e02ce00000,0x000000e02cf00000)]
  0x00000285fa9d3000 JavaThread "Unconstrained build operations Thread 13" [_thread_blocked, id=17284, stack(0x000000e02cf00000,0x000000e02d000000)]
  0x00000285fa9d9800 JavaThread "Unconstrained build operations Thread 14" [_thread_blocked, id=11004, stack(0x000000e02d000000,0x000000e02d100000)]
  0x00000285fa9dc000 JavaThread "Unconstrained build operations Thread 15" [_thread_blocked, id=18960, stack(0x000000e02d100000,0x000000e02d200000)]
  0x00000285fa9da000 JavaThread "Unconstrained build operations Thread 16" [_thread_blocked, id=2224, stack(0x000000e02d200000,0x000000e02d300000)]
  0x00000285fa9db000 JavaThread "Unconstrained build operations Thread 17" [_thread_blocked, id=18904, stack(0x000000e02d300000,0x000000e02d400000)]
  0x00000285fa9d6000 JavaThread "Unconstrained build operations Thread 18" [_thread_blocked, id=18964, stack(0x000000e02d400000,0x000000e02d500000)]
  0x00000285fa9dc800 JavaThread "Unconstrained build operations Thread 19" [_thread_blocked, id=20468, stack(0x000000e02d500000,0x000000e02d600000)]
  0x00000285fa9e0000 JavaThread "Unconstrained build operations Thread 20" [_thread_blocked, id=16432, stack(0x000000e02d600000,0x000000e02d700000)]
  0x00000285fa9de800 JavaThread "Unconstrained build operations Thread 21" [_thread_blocked, id=7180, stack(0x000000e02d700000,0x000000e02d800000)]
  0x00000285fa9dd800 JavaThread "Unconstrained build operations Thread 22" [_thread_blocked, id=17560, stack(0x000000e02d800000,0x000000e02d900000)]
  0x00000285fa9df000 JavaThread "Unconstrained build operations Thread 23" [_thread_blocked, id=18368, stack(0x000000e02d900000,0x000000e02da00000)]
  0x00000285fa098000 JavaThread "Unconstrained build operations Thread 24" [_thread_blocked, id=9972, stack(0x000000e02da00000,0x000000e02db00000)]
  0x00000285fa093000 JavaThread "Unconstrained build operations Thread 25" [_thread_blocked, id=16204, stack(0x000000e02db00000,0x000000e02dc00000)]
  0x00000285fa095800 JavaThread "Unconstrained build operations Thread 26" [_thread_blocked, id=18536, stack(0x000000e02dc00000,0x000000e02dd00000)]
  0x00000285fa096800 JavaThread "Unconstrained build operations Thread 27" [_thread_blocked, id=1068, stack(0x000000e02dd00000,0x000000e02de00000)]
  0x00000285fa097000 JavaThread "Unconstrained build operations Thread 28" [_thread_blocked, id=13980, stack(0x000000e02de00000,0x000000e02df00000)]
  0x00000285fa099800 JavaThread "Unconstrained build operations Thread 29" [_thread_blocked, id=6396, stack(0x000000e02df00000,0x000000e02e000000)]
  0x00000285fa094800 JavaThread "Unconstrained build operations Thread 30" [_thread_blocked, id=17192, stack(0x000000e02e000000,0x000000e02e100000)]
  0x00000285fa099000 JavaThread "Unconstrained build operations Thread 31" [_thread_blocked, id=5444, stack(0x000000e02e100000,0x000000e02e200000)]
  0x00000285fa094000 JavaThread "Unconstrained build operations Thread 32" [_thread_blocked, id=13556, stack(0x000000e02e200000,0x000000e02e300000)]
  0x00000285fa09a800 JavaThread "Unconstrained build operations Thread 33" [_thread_blocked, id=17036, stack(0x000000e02e300000,0x000000e02e400000)]
  0x00000285fa09c000 JavaThread "Unconstrained build operations Thread 34" [_thread_blocked, id=18764, stack(0x000000e02e400000,0x000000e02e500000)]
  0x00000285fa0a1000 JavaThread "Unconstrained build operations Thread 35" [_thread_blocked, id=13936, stack(0x000000e02e500000,0x000000e02e600000)]
  0x00000285fa09d000 JavaThread "Unconstrained build operations Thread 36" [_thread_blocked, id=19356, stack(0x000000e02e600000,0x000000e02e700000)]
  0x00000285fa09b800 JavaThread "Unconstrained build operations Thread 37" [_thread_blocked, id=13220, stack(0x000000e02e700000,0x000000e02e800000)]
  0x00000285fa09e800 JavaThread "Unconstrained build operations Thread 38" [_thread_blocked, id=5992, stack(0x000000e02e800000,0x000000e02e900000)]
  0x00000285fa09f800 JavaThread "Unconstrained build operations Thread 39" [_thread_blocked, id=1604, stack(0x000000e02e900000,0x000000e02ea00000)]
  0x00000285fa09d800 JavaThread "Unconstrained build operations Thread 40" [_thread_blocked, id=20200, stack(0x000000e02ea00000,0x000000e02eb00000)]
  0x00000285fa0a2000 JavaThread "Cache worker for Java compile cache (C:\Users\leroc\.gradle\caches\7.5.1\javaCompile)" [_thread_blocked, id=11752, stack(0x000000e02eb00000,0x000000e02ec00000)]
  0x00000285fa0a0000 JavaThread "Build operations" [_thread_blocked, id=4672, stack(0x000000e02ec00000,0x000000e02ed00000)]
  0x00000285f7989800 JavaThread "Build operations Thread 2" [_thread_blocked, id=17744, stack(0x000000e02ed00000,0x000000e02ee00000)]
  0x00000285f798a800 JavaThread "Build operations Thread 3" [_thread_blocked, id=6628, stack(0x000000e02ee00000,0x000000e02ef00000)]
  0x00000285f798b800 JavaThread "Build operations Thread 4" [_thread_blocked, id=17700, stack(0x000000e02ef00000,0x000000e02f000000)]
  0x00000285f7989000 JavaThread "Dispatch org.gradle.api.internal.tasks.testing.results.AttachParentTestResultProcessor@4b0b1d94" [_thread_blocked, id=13164, stack(0x000000e02f300000,0x000000e02f400000)]
  0x00000285f7985800 JavaThread "Dispatch org.gradle.api.internal.tasks.testing.processors.RestartEveryNTestClassProcessor@1cb6a2f3" [_thread_blocked, id=11048, stack(0x000000e02f400000,0x000000e02f500000)]
  0x00000285f798c000 JavaThread "Incoming local TCP Connector on port 53285" [_thread_blocked, id=14556, stack(0x000000e02f500000,0x000000e02f600000)]
  0x00000285f7986800 JavaThread "Exec process" [_thread_in_native, id=18784, stack(0x000000e02f600000,0x000000e02f700000)]
  0x00000285f7987000 JavaThread "Exec process Thread 2" [_thread_blocked, id=6760, stack(0x000000e02f800000,0x000000e02f900000)]
  0x00000285f7992000 JavaThread "Exec process Thread 3" [_thread_in_native, id=20424, stack(0x000000e02f900000,0x000000e02fa00000)]
  0x00000285f7993800 JavaThread "Exec process Thread 4" [_thread_in_native, id=20164, stack(0x000000e02fa00000,0x000000e02fb00000)]
  0x00000285f798e800 JavaThread "/127.0.0.1:53285 to /127.0.0.1:53287 workers" [_thread_blocked, id=6080, stack(0x000000e02f700000,0x000000e02f800000)]
  0x00000285f798f800 JavaThread "/127.0.0.1:53285 to /127.0.0.1:53287 workers Thread 2" [_thread_blocked, id=19888, stack(0x000000e02fb00000,0x000000e02fc00000)]
  0x00000285f7990000 JavaThread "/127.0.0.1:53285 to /127.0.0.1:53287 workers Thread 3" [_thread_blocked, id=18168, stack(0x000000e02fc00000,0x000000e02fd00000)]
  0x00000285f7991000 JavaThread "/127.0.0.1:53285 to /127.0.0.1:53287 workers Thread 4" [_thread_blocked, id=20456, stack(0x000000e02fd00000,0x000000e02fe00000)]

Other Threads:
  0x00000285f60ce800 VMThread "VM Thread" [stack: 0x000000e029400000,0x000000e029500000] [id=19436]
  0x00000285f6c06800 WatcherThread [stack: 0x000000e029e00000,0x000000e029f00000] [id=9496]
  0x00000285ea184800 GCTaskThread "GC Thread#0" [stack: 0x000000e028f00000,0x000000e029000000] [id=18244]
  0x00000285f6e06000 GCTaskThread "GC Thread#1" [stack: 0x000000e029f00000,0x000000e02a000000] [id=18668]
  0x00000285f73f0000 GCTaskThread "GC Thread#2" [stack: 0x000000e02a000000,0x000000e02a100000] [id=18024]
  0x00000285f6e7f000 GCTaskThread "GC Thread#3" [stack: 0x000000e02a100000,0x000000e02a200000] [id=17436]
  0x00000285ea194800 ConcurrentGCThread "G1 Main Marker" [stack: 0x000000e029000000,0x000000e029100000] [id=17860]
  0x00000285ea196800 ConcurrentGCThread "G1 Conc#0" [stack: 0x000000e029100000,0x000000e029200000] [id=20268]
  0x00000285f5f68800 ConcurrentGCThread "G1 Refine#0" [stack: 0x000000e029200000,0x000000e029300000] [id=5664]
  0x00000285facf5000 ConcurrentGCThread "G1 Refine#1" [stack: 0x000000e02f000000,0x000000e02f100000] [id=8136]
  0x00000285fcdc4800 ConcurrentGCThread "G1 Refine#2" [stack: 0x000000e02f100000,0x000000e02f200000] [id=14220]
  0x00000285fcf2a800 ConcurrentGCThread "G1 Refine#3" [stack: 0x000000e02f200000,0x000000e02f300000] [id=1968]
  0x00000285f5f69000 ConcurrentGCThread "G1 Young RemSet Sampling" [stack: 0x000000e029300000,0x000000e029400000] [id=18816]

Threads with active compile tasks:
C2 CompilerThread0    70440 8134       4       sun.reflect.generics.parser.SignatureParser::parseFieldTypeSignature (73 bytes)

VM state:not at safepoint (normal execution)

VM Mutex/Monitor currently owned by a thread: None

Heap address: 0x00000000e0000000, size: 512 MB, Compressed Oops mode: 32-bit
Narrow klass base: 0x0000000000000000, Narrow klass shift: 3
Compressed class space size: 260046848 Address: 0x0000000100000000

Heap:
 garbage-first heap   total 262144K, used 112563K [0x00000000e0000000, 0x0000000100000000)
  region size 1024K, 50 young (51200K), 4 survivors (4096K)
 Metaspace       used 70192K, capacity 72647K, committed 72752K, reserved 317440K
  class space    used 9138K, capacity 10078K, committed 10112K, reserved 253952K
Heap Regions: E=young(eden), S=young(survivor), O=old, HS=humongous(starts), HC=humongous(continues), CS=collection set, F=free, A=archive, TAMS=top-at-mark-start (previous, next)
|   0|0x00000000e0000000, 0x00000000e0100000, 0x00000000e0100000|100%|HS|  |TAMS 0x00000000e0100000, 0x00000000e0000000| Complete 
|   1|0x00000000e0100000, 0x00000000e0200000, 0x00000000e0200000|100%|HC|  |TAMS 0x00000000e0200000, 0x00000000e0100000| Complete 
|   2|0x00000000e0200000, 0x00000000e0300000, 0x00000000e0300000|100%|HC|  |TAMS 0x00000000e0300000, 0x00000000e0200000| Complete 
|   3|0x00000000e0300000, 0x00000000e0400000, 0x00000000e0400000|100%| O|  |TAMS 0x00000000e0400000, 0x00000000e0300000| Untracked 
|   4|0x00000000e0400000, 0x00000000e0500000, 0x00000000e0500000|100%| O|  |TAMS 0x00000000e0500000, 0x00000000e0400000| Untracked 
|   5|0x00000000e0500000, 0x00000000e0600000, 0x00000000e0600000|100%| O|  |TAMS 0x00000000e0600000, 0x00000000e0500000| Untracked 
|   6|0x00000000e0600000, 0x00000000e0700000, 0x00000000e0700000|100%| O|  |TAMS 0x00000000e0700000, 0x00000000e0600000| Untracked 
|   7|0x00000000e0700000, 0x00000000e0800000, 0x00000000e0800000|100%| O|  |TAMS 0x00000000e0800000, 0x00000000e0700000| Untracked 
|   8|0x00000000e0800000, 0x00000000e0900000, 0x00000000e0900000|100%| O|  |TAMS 0x00000000e0900000, 0x00000000e0800000| Untracked 
|   9|0x00000000e0900000, 0x00000000e0a00000, 0x00000000e0a00000|100%| O|  |TAMS 0x00000000e0a00000, 0x00000000e0900000| Untracked 
|  10|0x00000000e0a00000, 0x00000000e0b00000, 0x00000000e0b00000|100%| O|  |TAMS 0x00000000e0b00000, 0x00000000e0a00000| Untracked 
|  11|0x00000000e0b00000, 0x00000000e0c00000, 0x00000000e0c00000|100%| O|  |TAMS 0x00000000e0c00000, 0x00000000e0b00000| Untracked 
|  12|0x00000000e0c00000, 0x00000000e0d00000, 0x00000000e0d00000|100%| O|  |TAMS 0x00000000e0d00000, 0x00000000e0c00000| Untracked 
|  13|0x00000000e0d00000, 0x00000000e0e00000, 0x00000000e0e00000|100%| O|  |TAMS 0x00000000e0e00000, 0x00000000e0d00000| Untracked 
|  14|0x00000000e0e00000, 0x00000000e0f00000, 0x00000000e0f00000|100%| O|  |TAMS 0x00000000e0e00000, 0x00000000e0e00000| Untracked 
|  15|0x00000000e0f00000, 0x00000000e1000000, 0x00000000e1000000|100%| O|  |TAMS 0x00000000e0f00000, 0x00000000e0f00000| Untracked 
|  16|0x00000000e1000000, 0x00000000e1100000, 0x00000000e1100000|100%| O|  |TAMS 0x00000000e1000000, 0x00000000e1000000| Untracked 
|  17|0x00000000e1100000, 0x00000000e1200000, 0x00000000e1200000|100%| O|  |TAMS 0x00000000e1100000, 0x00000000e1100000| Untracked 
|  18|0x00000000e1200000, 0x00000000e1300000, 0x00000000e1300000|100%| O|  |TAMS 0x00000000e1300000, 0x00000000e1200000| Untracked 
|  19|0x00000000e1300000, 0x00000000e1400000, 0x00000000e1400000|100%| O|  |TAMS 0x00000000e1400000, 0x00000000e1300000| Untracked 
|  20|0x00000000e1400000, 0x00000000e1500000, 0x00000000e1500000|100%| O|  |TAMS 0x00000000e1446400, 0x00000000e1400000| Untracked 
|  21|0x00000000e1500000, 0x00000000e1600000, 0x00000000e1600000|100%| O|  |TAMS 0x00000000e1500000, 0x00000000e1500000| Untracked 
|  22|0x00000000e1600000, 0x00000000e1700000, 0x00000000e1700000|100%| O|  |TAMS 0x00000000e1600000, 0x00000000e1600000| Untracked 
|  23|0x00000000e1700000, 0x00000000e1800000, 0x00000000e1800000|100%| O|  |TAMS 0x00000000e1700000, 0x00000000e1700000| Untracked 
|  24|0x00000000e1800000, 0x00000000e1900000, 0x00000000e1900000|100%|HS|  |TAMS 0x00000000e1800000, 0x00000000e1800000| Complete 
|  25|0x00000000e1900000, 0x00000000e1a00000, 0x00000000e1a00000|100%| O|  |TAMS 0x00000000e1900000, 0x00000000e1900000| Untracked 
|  26|0x00000000e1a00000, 0x00000000e1b00000, 0x00000000e1b00000|100%| O|  |TAMS 0x00000000e1a00000, 0x00000000e1a00000| Untracked 
|  27|0x00000000e1b00000, 0x00000000e1c00000, 0x00000000e1c00000|100%| O|  |TAMS 0x00000000e1b00000, 0x00000000e1b00000| Untracked 
|  28|0x00000000e1c00000, 0x00000000e1d00000, 0x00000000e1d00000|100%| O|  |TAMS 0x00000000e1c00000, 0x00000000e1c00000| Untracked 
|  29|0x00000000e1d00000, 0x00000000e1e00000, 0x00000000e1e00000|100%| O|  |TAMS 0x00000000e1d00000, 0x00000000e1d00000| Untracked 
|  30|0x00000000e1e00000, 0x00000000e1f00000, 0x00000000e1f00000|100%| O|  |TAMS 0x00000000e1e00000, 0x00000000e1e00000| Untracked 
|  31|0x00000000e1f00000, 0x00000000e2000000, 0x00000000e2000000|100%| O|  |TAMS 0x00000000e1f00000, 0x00000000e1f00000| Untracked 
|  32|0x00000000e2000000, 0x00000000e2100000, 0x00000000e2100000|100%| O|  |TAMS 0x00000000e2000000, 0x00000000e2000000| Untracked 
|  33|0x00000000e2100000, 0x00000000e2200000, 0x00000000e2200000|100%| O|  |TAMS 0x00000000e2100000, 0x00000000e2100000| Untracked 
|  34|0x00000000e2200000, 0x00000000e2300000, 0x00000000e2300000|100%| O|  |TAMS 0x00000000e2200000, 0x00000000e2200000| Untracked 
|  35|0x00000000e2300000, 0x00000000e2400000, 0x00000000e2400000|100%| O|  |TAMS 0x00000000e2300000, 0x00000000e2300000| Untracked 
|  36|0x00000000e2400000, 0x00000000e2500000, 0x00000000e2500000|100%| O|  |TAMS 0x00000000e2400000, 0x00000000e2400000| Untracked 
|  37|0x00000000e2500000, 0x00000000e2600000, 0x00000000e2600000|100%| O|  |TAMS 0x00000000e2500000, 0x00000000e2500000| Untracked 
|  38|0x00000000e2600000, 0x00000000e2700000, 0x00000000e2700000|100%| O|  |TAMS 0x00000000e2600000, 0x00000000e2600000| Untracked 
|  39|0x00000000e2700000, 0x00000000e2800000, 0x00000000e2800000|100%| O|  |TAMS 0x00000000e2700000, 0x00000000e2700000| Untracked 
|  40|0x00000000e2800000, 0x00000000e2900000, 0x00000000e2900000|100%| O|  |TAMS 0x00000000e2800000, 0x00000000e2800000| Untracked 
|  41|0x00000000e2900000, 0x00000000e2a00000, 0x00000000e2a00000|100%| O|  |TAMS 0x00000000e2900000, 0x00000000e2900000| Untracked 
|  42|0x00000000e2a00000, 0x00000000e2b00000, 0x00000000e2b00000|100%| O|  |TAMS 0x00000000e2a00000, 0x00000000e2a00000| Untracked 
|  43|0x00000000e2b00000, 0x00000000e2c00000, 0x00000000e2c00000|100%| O|  |TAMS 0x00000000e2b00000, 0x00000000e2b00000| Untracked 
|  44|0x00000000e2c00000, 0x00000000e2d00000, 0x00000000e2d00000|100%| O|  |TAMS 0x00000000e2c00000, 0x00000000e2c00000| Untracked 
|  45|0x00000000e2d00000, 0x00000000e2e00000, 0x00000000e2e00000|100%| O|  |TAMS 0x00000000e2d00000, 0x00000000e2d00000| Untracked 
|  46|0x00000000e2e00000, 0x00000000e2f00000, 0x00000000e2f00000|100%| O|  |TAMS 0x00000000e2e00000, 0x00000000e2e00000| Untracked 
|  47|0x00000000e2f00000, 0x00000000e3000000, 0x00000000e3000000|100%| O|  |TAMS 0x00000000e2f00000, 0x00000000e2f00000| Untracked 
|  48|0x00000000e3000000, 0x00000000e3100000, 0x00000000e3100000|100%| O|  |TAMS 0x00000000e3000000, 0x00000000e3000000| Untracked 
|  49|0x00000000e3100000, 0x00000000e3200000, 0x00000000e3200000|100%| O|  |TAMS 0x00000000e3100000, 0x00000000e3100000| Untracked 
|  50|0x00000000e3200000, 0x00000000e3300000, 0x00000000e3300000|100%| O|  |TAMS 0x00000000e3200000, 0x00000000e3200000| Untracked 
|  51|0x00000000e3300000, 0x00000000e3400000, 0x00000000e3400000|100%| O|  |TAMS 0x00000000e3300000, 0x00000000e3300000| Untracked 
|  52|0x00000000e3400000, 0x00000000e3500000, 0x00000000e3500000|100%| O|  |TAMS 0x00000000e3400000, 0x00000000e3400000| Untracked 
|  53|0x00000000e3500000, 0x00000000e3600000, 0x00000000e3600000|100%| O|  |TAMS 0x00000000e3500000, 0x00000000e3500000| Untracked 
|  54|0x00000000e3600000, 0x00000000e3700000, 0x00000000e3700000|100%| O|  |TAMS 0x00000000e3600000, 0x00000000e3600000| Untracked 
|  55|0x00000000e3700000, 0x00000000e3800000, 0x00000000e3800000|100%| O|  |TAMS 0x00000000e3700000, 0x00000000e3700000| Untracked 
|  56|0x00000000e3800000, 0x00000000e3900000, 0x00000000e3900000|100%| O|  |TAMS 0x00000000e3800000, 0x00000000e3800000| Untracked 
|  57|0x00000000e3900000, 0x00000000e3a00000, 0x00000000e3a00000|100%| O|  |TAMS 0x00000000e3900000, 0x00000000e3900000| Untracked 
|  58|0x00000000e3a00000, 0x00000000e3b00000, 0x00000000e3b00000|100%| O|  |TAMS 0x00000000e3a00000, 0x00000000e3a00000| Untracked 
|  59|0x00000000e3b00000, 0x00000000e3c00000, 0x00000000e3c00000|100%| O|  |TAMS 0x00000000e3b00000, 0x00000000e3b00000| Untracked 
|  60|0x00000000e3c00000, 0x00000000e3d00000, 0x00000000e3d00000|100%| O|  |TAMS 0x00000000e3c00000, 0x00000000e3c00000| Untracked 
|  61|0x00000000e3d00000, 0x00000000e3d00000, 0x00000000e3e00000|  0%| F|  |TAMS 0x00000000e3d00000, 0x00000000e3d00000| Untracked 
|  62|0x00000000e3e00000, 0x00000000e3e00000, 0x00000000e3f00000|  0%| F|  |TAMS 0x00000000e3e00000, 0x00000000e3e00000| Untracked 
|  63|0x00000000e3f00000, 0x00000000e3f00000, 0x00000000e4000000|  0%| F|  |TAMS 0x00000000e3f00000, 0x00000000e3f00000| Untracked 
|  64|0x00000000e4000000, 0x00000000e4000000, 0x00000000e4100000|  0%| F|  |TAMS 0x00000000e4000000, 0x00000000e4000000| Untracked 
|  65|0x00000000e4100000, 0x00000000e4100000, 0x00000000e4200000|  0%| F|  |TAMS 0x00000000e4100000, 0x00000000e4100000| Untracked 
|  66|0x00000000e4200000, 0x00000000e4200000, 0x00000000e4300000|  0%| F|  |TAMS 0x00000000e4200000, 0x00000000e4200000| Untracked 
|  67|0x00000000e4300000, 0x00000000e4300000, 0x00000000e4400000|  0%| F|  |TAMS 0x00000000e4300000, 0x00000000e4300000| Untracked 
|  68|0x00000000e4400000, 0x00000000e4400000, 0x00000000e4500000|  0%| F|  |TAMS 0x00000000e4400000, 0x00000000e4400000| Untracked 
|  69|0x00000000e4500000, 0x00000000e4500000, 0x00000000e4600000|  0%| F|  |TAMS 0x00000000e4500000, 0x00000000e4500000| Untracked 
|  70|0x00000000e4600000, 0x00000000e4600000, 0x00000000e4700000|  0%| F|  |TAMS 0x00000000e4600000, 0x00000000e4600000| Untracked 
|  71|0x00000000e4700000, 0x00000000e4700000, 0x00000000e4800000|  0%| F|  |TAMS 0x00000000e4700000, 0x00000000e4700000| Untracked 
|  72|0x00000000e4800000, 0x00000000e4800000, 0x00000000e4900000|  0%| F|  |TAMS 0x00000000e4800000, 0x00000000e4800000| Untracked 
|  73|0x00000000e4900000, 0x00000000e4900000, 0x00000000e4a00000|  0%| F|  |TAMS 0x00000000e4900000, 0x00000000e4900000| Untracked 
|  74|0x00000000e4a00000, 0x00000000e4a00000, 0x00000000e4b00000|  0%| F|  |TAMS 0x00000000e4a00000, 0x00000000e4a00000| Untracked 
|  75|0x00000000e4b00000, 0x00000000e4b00000, 0x00000000e4c00000|  0%| F|  |TAMS 0x00000000e4b00000, 0x00000000e4b00000| Untracked 
|  76|0x00000000e4c00000, 0x00000000e4c00000, 0x00000000e4d00000|  0%| F|  |TAMS 0x00000000e4c00000, 0x00000000e4c00000| Untracked 
|  77|0x00000000e4d00000, 0x00000000e4d00000, 0x00000000e4e00000|  0%| F|  |TAMS 0x00000000e4d00000, 0x00000000e4d00000| Untracked 
|  78|0x00000000e4e00000, 0x00000000e4e00000, 0x00000000e4f00000|  0%| F|  |TAMS 0x00000000e4e00000, 0x00000000e4e00000| Untracked 
|  79|0x00000000e4f00000, 0x00000000e4f00000, 0x00000000e5000000|  0%| F|  |TAMS 0x00000000e4f00000, 0x00000000e4f00000| Untracked 
|  80|0x00000000e5000000, 0x00000000e5000000, 0x00000000e5100000|  0%| F|  |TAMS 0x00000000e5000000, 0x00000000e5000000| Untracked 
|  81|0x00000000e5100000, 0x00000000e5100000, 0x00000000e5200000|  0%| F|  |TAMS 0x00000000e5100000, 0x00000000e5100000| Untracked 
|  82|0x00000000e5200000, 0x00000000e5200000, 0x00000000e5300000|  0%| F|  |TAMS 0x00000000e5200000, 0x00000000e5200000| Untracked 
|  83|0x00000000e5300000, 0x00000000e5300000, 0x00000000e5400000|  0%| F|  |TAMS 0x00000000e5300000, 0x00000000e5300000| Untracked 
|  84|0x00000000e5400000, 0x00000000e5400000, 0x00000000e5500000|  0%| F|  |TAMS 0x00000000e5400000, 0x00000000e5400000| Untracked 
|  85|0x00000000e5500000, 0x00000000e5500000, 0x00000000e5600000|  0%| F|  |TAMS 0x00000000e5500000, 0x00000000e5500000| Untracked 
|  86|0x00000000e5600000, 0x00000000e5600000, 0x00000000e5700000|  0%| F|  |TAMS 0x00000000e5600000, 0x00000000e5600000| Untracked 
|  87|0x00000000e5700000, 0x00000000e5700000, 0x00000000e5800000|  0%| F|  |TAMS 0x00000000e5700000, 0x00000000e5700000| Untracked 
|  88|0x00000000e5800000, 0x00000000e5800000, 0x00000000e5900000|  0%| F|  |TAMS 0x00000000e5800000, 0x00000000e5800000| Untracked 
|  89|0x00000000e5900000, 0x00000000e5900000, 0x00000000e5a00000|  0%| F|  |TAMS 0x00000000e5900000, 0x00000000e5900000| Untracked 
|  90|0x00000000e5a00000, 0x00000000e5a00000, 0x00000000e5b00000|  0%| F|  |TAMS 0x00000000e5a00000, 0x00000000e5a00000| Untracked 
|  91|0x00000000e5b00000, 0x00000000e5b00000, 0x00000000e5c00000|  0%| F|  |TAMS 0x00000000e5b00000, 0x00000000e5b00000| Untracked 
|  92|0x00000000e5c00000, 0x00000000e5c00000, 0x00000000e5d00000|  0%| F|  |TAMS 0x00000000e5c00000, 0x00000000e5c00000| Untracked 
|  93|0x00000000e5d00000, 0x00000000e5d00000, 0x00000000e5e00000|  0%| F|  |TAMS 0x00000000e5d00000, 0x00000000e5d00000| Untracked 
|  94|0x00000000e5e00000, 0x00000000e5e00000, 0x00000000e5f00000|  0%| F|  |TAMS 0x00000000e5e00000, 0x00000000e5e00000| Untracked 
|  95|0x00000000e5f00000, 0x00000000e5f00000, 0x00000000e6000000|  0%| F|  |TAMS 0x00000000e5f00000, 0x00000000e5f00000| Untracked 
|  96|0x00000000e6000000, 0x00000000e6000000, 0x00000000e6100000|  0%| F|  |TAMS 0x00000000e6000000, 0x00000000e6000000| Untracked 
|  97|0x00000000e6100000, 0x00000000e6100000, 0x00000000e6200000|  0%| F|  |TAMS 0x00000000e6100000, 0x00000000e6100000| Untracked 
|  98|0x00000000e6200000, 0x00000000e6200000, 0x00000000e6300000|  0%| F|  |TAMS 0x00000000e6200000, 0x00000000e6200000| Untracked 
|  99|0x00000000e6300000, 0x00000000e6300000, 0x00000000e6400000|  0%| F|  |TAMS 0x00000000e6300000, 0x00000000e6300000| Untracked 
| 100|0x00000000e6400000, 0x00000000e6400000, 0x00000000e6500000|  0%| F|  |TAMS 0x00000000e6400000, 0x00000000e6400000| Untracked 
| 101|0x00000000e6500000, 0x00000000e6500000, 0x00000000e6600000|  0%| F|  |TAMS 0x00000000e6500000, 0x00000000e6500000| Untracked 
| 102|0x00000000e6600000, 0x00000000e6600000, 0x00000000e6700000|  0%| F|  |TAMS 0x00000000e6600000, 0x00000000e6600000| Untracked 
| 103|0x00000000e6700000, 0x00000000e6700000, 0x00000000e6800000|  0%| F|  |TAMS 0x00000000e6700000, 0x00000000e6700000| Untracked 
| 104|0x00000000e6800000, 0x00000000e6800000, 0x00000000e6900000|  0%| F|  |TAMS 0x00000000e6800000, 0x00000000e6800000| Untracked 
| 105|0x00000000e6900000, 0x00000000e6900000, 0x00000000e6a00000|  0%| F|  |TAMS 0x00000000e6900000, 0x00000000e6900000| Untracked 
| 106|0x00000000e6a00000, 0x00000000e6a00000, 0x00000000e6b00000|  0%| F|  |TAMS 0x00000000e6a00000, 0x00000000e6a00000| Untracked 
| 107|0x00000000e6b00000, 0x00000000e6b00000, 0x00000000e6c00000|  0%| F|  |TAMS 0x00000000e6b00000, 0x00000000e6b00000| Untracked 
| 108|0x00000000e6c00000, 0x00000000e6c00000, 0x00000000e6d00000|  0%| F|  |TAMS 0x00000000e6c00000, 0x00000000e6c00000| Untracked 
| 109|0x00000000e6d00000, 0x00000000e6d00000, 0x00000000e6e00000|  0%| F|  |TAMS 0x00000000e6d00000, 0x00000000e6d00000| Untracked 
| 110|0x00000000e6e00000, 0x00000000e6e00000, 0x00000000e6f00000|  0%| F|  |TAMS 0x00000000e6e00000, 0x00000000e6e00000| Untracked 
| 111|0x00000000e6f00000, 0x00000000e6f00000, 0x00000000e7000000|  0%| F|  |TAMS 0x00000000e6f00000, 0x00000000e6f00000| Untracked 
| 112|0x00000000e7000000, 0x00000000e7000000, 0x00000000e7100000|  0%| F|  |TAMS 0x00000000e7000000, 0x00000000e7000000| Untracked 
| 113|0x00000000e7100000, 0x00000000e7100000, 0x00000000e7200000|  0%| F|  |TAMS 0x00000000e7100000, 0x00000000e7100000| Untracked 
| 114|0x00000000e7200000, 0x00000000e7200000, 0x00000000e7300000|  0%| F|  |TAMS 0x00000000e7200000, 0x00000000e7200000| Untracked 
| 115|0x00000000e7300000, 0x00000000e7300000, 0x00000000e7400000|  0%| F|  |TAMS 0x00000000e7300000, 0x00000000e7300000| Untracked 
| 116|0x00000000e7400000, 0x00000000e7400000, 0x00000000e7500000|  0%| F|  |TAMS 0x00000000e7400000, 0x00000000e7400000| Untracked 
| 117|0x00000000e7500000, 0x00000000e7500000, 0x00000000e7600000|  0%| F|  |TAMS 0x00000000e7500000, 0x00000000e7500000| Untracked 
| 118|0x00000000e7600000, 0x00000000e7600000, 0x00000000e7700000|  0%| F|  |TAMS 0x00000000e7600000, 0x00000000e7600000| Untracked 
| 119|0x00000000e7700000, 0x00000000e7700000, 0x00000000e7800000|  0%| F|  |TAMS 0x00000000e7700000, 0x00000000e7700000| Untracked 
| 120|0x00000000e7800000, 0x00000000e7800000, 0x00000000e7900000|  0%| F|  |TAMS 0x00000000e7800000, 0x00000000e7800000| Untracked 
| 121|0x00000000e7900000, 0x00000000e7900000, 0x00000000e7a00000|  0%| F|  |TAMS 0x00000000e7900000, 0x00000000e7900000| Untracked 
| 122|0x00000000e7a00000, 0x00000000e7a00000, 0x00000000e7b00000|  0%| F|  |TAMS 0x00000000e7a00000, 0x00000000e7a00000| Untracked 
| 123|0x00000000e7b00000, 0x00000000e7b00000, 0x00000000e7c00000|  0%| F|  |TAMS 0x00000000e7b00000, 0x00000000e7b00000| Untracked 
| 124|0x00000000e7c00000, 0x00000000e7c00000, 0x00000000e7d00000|  0%| F|  |TAMS 0x00000000e7c00000, 0x00000000e7c00000| Untracked 
| 125|0x00000000e7d00000, 0x00000000e7d00000, 0x00000000e7e00000|  0%| F|  |TAMS 0x00000000e7d00000, 0x00000000e7d00000| Untracked 
| 126|0x00000000e7e00000, 0x00000000e7e00000, 0x00000000e7f00000|  0%| F|  |TAMS 0x00000000e7e00000, 0x00000000e7e00000| Untracked 
| 127|0x00000000e7f00000, 0x00000000e7f00000, 0x00000000e8000000|  0%| F|  |TAMS 0x00000000e7f00000, 0x00000000e7f00000| Untracked 
| 128|0x00000000e8000000, 0x00000000e8000000, 0x00000000e8100000|  0%| F|  |TAMS 0x00000000e8000000, 0x00000000e8000000| Untracked 
| 129|0x00000000e8100000, 0x00000000e8100000, 0x00000000e8200000|  0%| F|  |TAMS 0x00000000e8100000, 0x00000000e8100000| Untracked 
| 130|0x00000000e8200000, 0x00000000e8200000, 0x00000000e8300000|  0%| F|  |TAMS 0x00000000e8200000, 0x00000000e8200000| Untracked 
| 131|0x00000000e8300000, 0x00000000e8300000, 0x00000000e8400000|  0%| F|  |TAMS 0x00000000e8300000, 0x00000000e8300000| Untracked 
| 132|0x00000000e8400000, 0x00000000e8400000, 0x00000000e8500000|  0%| F|  |TAMS 0x00000000e8400000, 0x00000000e8400000| Untracked 
| 133|0x00000000e8500000, 0x00000000e8500000, 0x00000000e8600000|  0%| F|  |TAMS 0x00000000e8500000, 0x00000000e8500000| Untracked 
| 134|0x00000000e8600000, 0x00000000e8600000, 0x00000000e8700000|  0%| F|  |TAMS 0x00000000e8600000, 0x00000000e8600000| Untracked 
| 135|0x00000000e8700000, 0x00000000e8700000, 0x00000000e8800000|  0%| F|  |TAMS 0x00000000e8700000, 0x00000000e8700000| Untracked 
| 136|0x00000000e8800000, 0x00000000e8800000, 0x00000000e8900000|  0%| F|  |TAMS 0x00000000e8800000, 0x00000000e8800000| Untracked 
| 137|0x00000000e8900000, 0x00000000e8900000, 0x00000000e8a00000|  0%| F|  |TAMS 0x00000000e8900000, 0x00000000e8900000| Untracked 
| 138|0x00000000e8a00000, 0x00000000e8a00000, 0x00000000e8b00000|  0%| F|  |TAMS 0x00000000e8a00000, 0x00000000e8a00000| Untracked 
| 139|0x00000000e8b00000, 0x00000000e8b00000, 0x00000000e8c00000|  0%| F|  |TAMS 0x00000000e8b00000, 0x00000000e8b00000| Untracked 
| 140|0x00000000e8c00000, 0x00000000e8c00000, 0x00000000e8d00000|  0%| F|  |TAMS 0x00000000e8c00000, 0x00000000e8c00000| Untracked 
| 141|0x00000000e8d00000, 0x00000000e8d00000, 0x00000000e8e00000|  0%| F|  |TAMS 0x00000000e8d00000, 0x00000000e8d00000| Untracked 
| 142|0x00000000e8e00000, 0x00000000e8e00000, 0x00000000e8f00000|  0%| F|  |TAMS 0x00000000e8e00000, 0x00000000e8e00000| Untracked 
| 143|0x00000000e8f00000, 0x00000000e8f00000, 0x00000000e9000000|  0%| F|  |TAMS 0x00000000e8f00000, 0x00000000e8f00000| Untracked 
| 144|0x00000000e9000000, 0x00000000e9000000, 0x00000000e9100000|  0%| F|  |TAMS 0x00000000e9000000, 0x00000000e9000000| Untracked 
| 145|0x00000000e9100000, 0x00000000e9100000, 0x00000000e9200000|  0%| F|  |TAMS 0x00000000e9100000, 0x00000000e9100000| Untracked 
| 146|0x00000000e9200000, 0x00000000e9200000, 0x00000000e9300000|  0%| F|  |TAMS 0x00000000e9200000, 0x00000000e9200000| Untracked 
| 147|0x00000000e9300000, 0x00000000e9300000, 0x00000000e9400000|  0%| F|  |TAMS 0x00000000e9300000, 0x00000000e9300000| Untracked 
| 148|0x00000000e9400000, 0x00000000e9400000, 0x00000000e9500000|  0%| F|  |TAMS 0x00000000e9400000, 0x00000000e9400000| Untracked 
| 149|0x00000000e9500000, 0x00000000e9500000, 0x00000000e9600000|  0%| F|  |TAMS 0x00000000e9500000, 0x00000000e9500000| Untracked 
| 150|0x00000000e9600000, 0x00000000e9600000, 0x00000000e9700000|  0%| F|  |TAMS 0x00000000e9600000, 0x00000000e9600000| Untracked 
| 151|0x00000000e9700000, 0x00000000e9700000, 0x00000000e9800000|  0%| F|  |TAMS 0x00000000e9700000, 0x00000000e9700000| Untracked 
| 152|0x00000000e9800000, 0x00000000e9800000, 0x00000000e9900000|  0%| F|  |TAMS 0x00000000e9800000, 0x00000000e9800000| Untracked 
| 153|0x00000000e9900000, 0x00000000e9900000, 0x00000000e9a00000|  0%| F|  |TAMS 0x00000000e9900000, 0x00000000e9900000| Untracked 
| 154|0x00000000e9a00000, 0x00000000e9a00000, 0x00000000e9b00000|  0%| F|  |TAMS 0x00000000e9a00000, 0x00000000e9a00000| Untracked 
| 155|0x00000000e9b00000, 0x00000000e9b00000, 0x00000000e9c00000|  0%| F|  |TAMS 0x00000000e9b00000, 0x00000000e9b00000| Untracked 
| 156|0x00000000e9c00000, 0x00000000e9c00000, 0x00000000e9d00000|  0%| F|  |TAMS 0x00000000e9c00000, 0x00000000e9c00000| Untracked 
| 157|0x00000000e9d00000, 0x00000000e9d00000, 0x00000000e9e00000|  0%| F|  |TAMS 0x00000000e9d00000, 0x00000000e9d00000| Untracked 
| 158|0x00000000e9e00000, 0x00000000e9e00000, 0x00000000e9f00000|  0%| F|  |TAMS 0x00000000e9e00000, 0x00000000e9e00000| Untracked 
| 159|0x00000000e9f00000, 0x00000000e9f00000, 0x00000000ea000000|  0%| F|  |TAMS 0x00000000e9f00000, 0x00000000e9f00000| Untracked 
| 160|0x00000000ea000000, 0x00000000ea000000, 0x00000000ea100000|  0%| F|  |TAMS 0x00000000ea000000, 0x00000000ea000000| Untracked 
| 161|0x00000000ea100000, 0x00000000ea100000, 0x00000000ea200000|  0%| F|  |TAMS 0x00000000ea100000, 0x00000000ea100000| Untracked 
| 162|0x00000000ea200000, 0x00000000ea200000, 0x00000000ea300000|  0%| F|  |TAMS 0x00000000ea200000, 0x00000000ea200000| Untracked 
| 163|0x00000000ea300000, 0x00000000ea300000, 0x00000000ea400000|  0%| F|  |TAMS 0x00000000ea300000, 0x00000000ea300000| Untracked 
| 164|0x00000000ea400000, 0x00000000ea400000, 0x00000000ea500000|  0%| F|  |TAMS 0x00000000ea400000, 0x00000000ea400000| Untracked 
| 165|0x00000000ea500000, 0x00000000ea500000, 0x00000000ea600000|  0%| F|  |TAMS 0x00000000ea500000, 0x00000000ea500000| Untracked 
| 166|0x00000000ea600000, 0x00000000ea600000, 0x00000000ea700000|  0%| F|  |TAMS 0x00000000ea600000, 0x00000000ea600000| Untracked 
| 167|0x00000000ea700000, 0x00000000ea700000, 0x00000000ea800000|  0%| F|  |TAMS 0x00000000ea700000, 0x00000000ea700000| Untracked 
| 168|0x00000000ea800000, 0x00000000ea800000, 0x00000000ea900000|  0%| F|  |TAMS 0x00000000ea800000, 0x00000000ea800000| Untracked 
| 169|0x00000000ea900000, 0x00000000ea900000, 0x00000000eaa00000|  0%| F|  |TAMS 0x00000000ea900000, 0x00000000ea900000| Untracked 
| 170|0x00000000eaa00000, 0x00000000eaa00000, 0x00000000eab00000|  0%| F|  |TAMS 0x00000000eaa00000, 0x00000000eaa00000| Untracked 
| 171|0x00000000eab00000, 0x00000000eab00000, 0x00000000eac00000|  0%| F|  |TAMS 0x00000000eab00000, 0x00000000eab00000| Untracked 
| 172|0x00000000eac00000, 0x00000000eac00000, 0x00000000ead00000|  0%| F|  |TAMS 0x00000000eac00000, 0x00000000eac00000| Untracked 
| 173|0x00000000ead00000, 0x00000000ead00000, 0x00000000eae00000|  0%| F|  |TAMS 0x00000000ead00000, 0x00000000ead00000| Untracked 
| 174|0x00000000eae00000, 0x00000000eae00000, 0x00000000eaf00000|  0%| F|  |TAMS 0x00000000eae00000, 0x00000000eae00000| Untracked 
| 175|0x00000000eaf00000, 0x00000000eaf00000, 0x00000000eb000000|  0%| F|  |TAMS 0x00000000eaf00000, 0x00000000eaf00000| Untracked 
| 176|0x00000000eb000000, 0x00000000eb000000, 0x00000000eb100000|  0%| F|  |TAMS 0x00000000eb000000, 0x00000000eb000000| Untracked 
| 177|0x00000000eb100000, 0x00000000eb100000, 0x00000000eb200000|  0%| F|  |TAMS 0x00000000eb100000, 0x00000000eb100000| Untracked 
| 178|0x00000000eb200000, 0x00000000eb200000, 0x00000000eb300000|  0%| F|  |TAMS 0x00000000eb200000, 0x00000000eb200000| Untracked 
| 179|0x00000000eb300000, 0x00000000eb300000, 0x00000000eb400000|  0%| F|  |TAMS 0x00000000eb300000, 0x00000000eb300000| Untracked 
| 180|0x00000000eb400000, 0x00000000eb400000, 0x00000000eb500000|  0%| F|  |TAMS 0x00000000eb400000, 0x00000000eb400000| Untracked 
| 181|0x00000000eb500000, 0x00000000eb500000, 0x00000000eb600000|  0%| F|  |TAMS 0x00000000eb500000, 0x00000000eb500000| Untracked 
| 182|0x00000000eb600000, 0x00000000eb600000, 0x00000000eb700000|  0%| F|  |TAMS 0x00000000eb600000, 0x00000000eb600000| Untracked 
| 183|0x00000000eb700000, 0x00000000eb700000, 0x00000000eb800000|  0%| F|  |TAMS 0x00000000eb700000, 0x00000000eb700000| Untracked 
| 184|0x00000000eb800000, 0x00000000eb800000, 0x00000000eb900000|  0%| F|  |TAMS 0x00000000eb800000, 0x00000000eb800000| Untracked 
| 185|0x00000000eb900000, 0x00000000eb900000, 0x00000000eba00000|  0%| F|  |TAMS 0x00000000eb900000, 0x00000000eb900000| Untracked 
| 186|0x00000000eba00000, 0x00000000eba00000, 0x00000000ebb00000|  0%| F|  |TAMS 0x00000000eba00000, 0x00000000eba00000| Untracked 
| 187|0x00000000ebb00000, 0x00000000ebb00000, 0x00000000ebc00000|  0%| F|  |TAMS 0x00000000ebb00000, 0x00000000ebb00000| Untracked 
| 188|0x00000000ebc00000, 0x00000000ebc00000, 0x00000000ebd00000|  0%| F|  |TAMS 0x00000000ebc00000, 0x00000000ebc00000| Untracked 
| 189|0x00000000ebd00000, 0x00000000ebd00000, 0x00000000ebe00000|  0%| F|  |TAMS 0x00000000ebd00000, 0x00000000ebd00000| Untracked 
| 190|0x00000000ebe00000, 0x00000000ebe00000, 0x00000000ebf00000|  0%| F|  |TAMS 0x00000000ebe00000, 0x00000000ebe00000| Untracked 
| 191|0x00000000ebf00000, 0x00000000ebf00000, 0x00000000ec000000|  0%| F|  |TAMS 0x00000000ebf00000, 0x00000000ebf00000| Untracked 
| 192|0x00000000ec000000, 0x00000000ec000000, 0x00000000ec100000|  0%| F|  |TAMS 0x00000000ec000000, 0x00000000ec000000| Untracked 
| 193|0x00000000ec100000, 0x00000000ec100000, 0x00000000ec200000|  0%| F|  |TAMS 0x00000000ec100000, 0x00000000ec100000| Untracked 
| 194|0x00000000ec200000, 0x00000000ec200000, 0x00000000ec300000|  0%| F|  |TAMS 0x00000000ec200000, 0x00000000ec200000| Untracked 
| 195|0x00000000ec300000, 0x00000000ec300000, 0x00000000ec400000|  0%| F|  |TAMS 0x00000000ec300000, 0x00000000ec300000| Untracked 
| 196|0x00000000ec400000, 0x00000000ec400000, 0x00000000ec500000|  0%| F|  |TAMS 0x00000000ec400000, 0x00000000ec400000| Untracked 
| 197|0x00000000ec500000, 0x00000000ec500000, 0x00000000ec600000|  0%| F|  |TAMS 0x00000000ec500000, 0x00000000ec500000| Untracked 
| 198|0x00000000ec600000, 0x00000000ec600000, 0x00000000ec700000|  0%| F|  |TAMS 0x00000000ec600000, 0x00000000ec600000| Untracked 
| 199|0x00000000ec700000, 0x00000000ec700000, 0x00000000ec800000|  0%| F|  |TAMS 0x00000000ec700000, 0x00000000ec700000| Untracked 
| 200|0x00000000ec800000, 0x00000000ec800000, 0x00000000ec900000|  0%| F|  |TAMS 0x00000000ec800000, 0x00000000ec800000| Untracked 
| 201|0x00000000ec900000, 0x00000000ec900000, 0x00000000eca00000|  0%| F|  |TAMS 0x00000000ec900000, 0x00000000ec900000| Untracked 
| 202|0x00000000eca00000, 0x00000000eca00000, 0x00000000ecb00000|  0%| F|  |TAMS 0x00000000eca00000, 0x00000000eca00000| Untracked 
| 203|0x00000000ecb00000, 0x00000000ecb00000, 0x00000000ecc00000|  0%| F|  |TAMS 0x00000000ecb00000, 0x00000000ecb00000| Untracked 
| 204|0x00000000ecc00000, 0x00000000ecc00000, 0x00000000ecd00000|  0%| F|  |TAMS 0x00000000ecc00000, 0x00000000ecc00000| Untracked 
| 205|0x00000000ecd00000, 0x00000000ecd00000, 0x00000000ece00000|  0%| F|  |TAMS 0x00000000ecd00000, 0x00000000ecd00000| Untracked 
| 206|0x00000000ece00000, 0x00000000ece74a68, 0x00000000ecf00000| 45%| E|  |TAMS 0x00000000ece00000, 0x00000000ece00000| Complete 
| 207|0x00000000ecf00000, 0x00000000ed000000, 0x00000000ed000000|100%| E|CS|TAMS 0x00000000ecf00000, 0x00000000ecf00000| Complete 
| 208|0x00000000ed000000, 0x00000000ed100000, 0x00000000ed100000|100%| E|CS|TAMS 0x00000000ed000000, 0x00000000ed000000| Complete 
| 209|0x00000000ed100000, 0x00000000ed200000, 0x00000000ed200000|100%| E|CS|TAMS 0x00000000ed100000, 0x00000000ed100000| Complete 
| 210|0x00000000ed200000, 0x00000000ed300000, 0x00000000ed300000|100%| E|CS|TAMS 0x00000000ed200000, 0x00000000ed200000| Complete 
| 211|0x00000000ed300000, 0x00000000ed400000, 0x00000000ed400000|100%| E|CS|TAMS 0x00000000ed300000, 0x00000000ed300000| Complete 
| 212|0x00000000ed400000, 0x00000000ed500000, 0x00000000ed500000|100%| E|CS|TAMS 0x00000000ed400000, 0x00000000ed400000| Complete 
| 213|0x00000000ed500000, 0x00000000ed600000, 0x00000000ed600000|100%| E|CS|TAMS 0x00000000ed500000, 0x00000000ed500000| Complete 
| 214|0x00000000ed600000, 0x00000000ed700000, 0x00000000ed700000|100%| E|CS|TAMS 0x00000000ed600000, 0x00000000ed600000| Complete 
| 215|0x00000000ed700000, 0x00000000ed800000, 0x00000000ed800000|100%| E|CS|TAMS 0x00000000ed700000, 0x00000000ed700000| Complete 
| 216|0x00000000ed800000, 0x00000000ed8ece00, 0x00000000ed900000| 92%| S|CS|TAMS 0x00000000ed800000, 0x00000000ed800000| Complete 
| 217|0x00000000ed900000, 0x00000000eda00000, 0x00000000eda00000|100%| S|CS|TAMS 0x00000000ed900000, 0x00000000ed900000| Complete 
| 218|0x00000000eda00000, 0x00000000edb00000, 0x00000000edb00000|100%| S|CS|TAMS 0x00000000eda00000, 0x00000000eda00000| Complete 
| 219|0x00000000edb00000, 0x00000000edc00000, 0x00000000edc00000|100%| S|CS|TAMS 0x00000000edb00000, 0x00000000edb00000| Complete 
| 220|0x00000000edc00000, 0x00000000edd00000, 0x00000000edd00000|100%| E|CS|TAMS 0x00000000edc00000, 0x00000000edc00000| Complete 
| 221|0x00000000edd00000, 0x00000000ede00000, 0x00000000ede00000|100%| E|CS|TAMS 0x00000000edd00000, 0x00000000edd00000| Complete 
| 222|0x00000000ede00000, 0x00000000edf00000, 0x00000000edf00000|100%| E|CS|TAMS 0x00000000ede00000, 0x00000000ede00000| Complete 
| 223|0x00000000edf00000, 0x00000000ee000000, 0x00000000ee000000|100%| E|CS|TAMS 0x00000000edf00000, 0x00000000edf00000| Complete 
| 224|0x00000000ee000000, 0x00000000ee100000, 0x00000000ee100000|100%| E|CS|TAMS 0x00000000ee000000, 0x00000000ee000000| Complete 
| 225|0x00000000ee100000, 0x00000000ee200000, 0x00000000ee200000|100%| E|CS|TAMS 0x00000000ee100000, 0x00000000ee100000| Complete 
| 226|0x00000000ee200000, 0x00000000ee300000, 0x00000000ee300000|100%| E|CS|TAMS 0x00000000ee200000, 0x00000000ee200000| Complete 
| 227|0x00000000ee300000, 0x00000000ee400000, 0x00000000ee400000|100%| E|CS|TAMS 0x00000000ee300000, 0x00000000ee300000| Complete 
| 228|0x00000000ee400000, 0x00000000ee500000, 0x00000000ee500000|100%| E|CS|TAMS 0x00000000ee400000, 0x00000000ee400000| Complete 
| 229|0x00000000ee500000, 0x00000000ee600000, 0x00000000ee600000|100%| E|CS|TAMS 0x00000000ee500000, 0x00000000ee500000| Complete 
| 230|0x00000000ee600000, 0x00000000ee700000, 0x00000000ee700000|100%| E|CS|TAMS 0x00000000ee600000, 0x00000000ee600000| Complete 
| 231|0x00000000ee700000, 0x00000000ee800000, 0x00000000ee800000|100%| E|CS|TAMS 0x00000000ee700000, 0x00000000ee700000| Complete 
| 232|0x00000000ee800000, 0x00000000ee900000, 0x00000000ee900000|100%| E|CS|TAMS 0x00000000ee800000, 0x00000000ee800000| Complete 
| 233|0x00000000ee900000, 0x00000000eea00000, 0x00000000eea00000|100%| E|CS|TAMS 0x00000000ee900000, 0x00000000ee900000| Complete 
| 234|0x00000000eea00000, 0x00000000eeb00000, 0x00000000eeb00000|100%| E|CS|TAMS 0x00000000eea00000, 0x00000000eea00000| Complete 
| 235|0x00000000eeb00000, 0x00000000eec00000, 0x00000000eec00000|100%| E|CS|TAMS 0x00000000eeb00000, 0x00000000eeb00000| Complete 
| 236|0x00000000eec00000, 0x00000000eed00000, 0x00000000eed00000|100%| E|CS|TAMS 0x00000000eec00000, 0x00000000eec00000| Complete 
| 237|0x00000000eed00000, 0x00000000eee00000, 0x00000000eee00000|100%| E|CS|TAMS 0x00000000eed00000, 0x00000000eed00000| Complete 
| 238|0x00000000eee00000, 0x00000000eef00000, 0x00000000eef00000|100%| E|CS|TAMS 0x00000000eee00000, 0x00000000eee00000| Complete 
| 239|0x00000000eef00000, 0x00000000ef000000, 0x00000000ef000000|100%| E|CS|TAMS 0x00000000eef00000, 0x00000000eef00000| Complete 
| 240|0x00000000ef000000, 0x00000000ef100000, 0x00000000ef100000|100%| E|CS|TAMS 0x00000000ef000000, 0x00000000ef000000| Complete 
| 241|0x00000000ef100000, 0x00000000ef200000, 0x00000000ef200000|100%| E|CS|TAMS 0x00000000ef100000, 0x00000000ef100000| Complete 
| 242|0x00000000ef200000, 0x00000000ef300000, 0x00000000ef300000|100%| E|CS|TAMS 0x00000000ef200000, 0x00000000ef200000| Complete 
| 243|0x00000000ef300000, 0x00000000ef400000, 0x00000000ef400000|100%| E|CS|TAMS 0x00000000ef300000, 0x00000000ef300000| Complete 
| 244|0x00000000ef400000, 0x00000000ef500000, 0x00000000ef500000|100%| E|CS|TAMS 0x00000000ef400000, 0x00000000ef400000| Complete 
| 245|0x00000000ef500000, 0x00000000ef600000, 0x00000000ef600000|100%| E|CS|TAMS 0x00000000ef500000, 0x00000000ef500000| Complete 
| 246|0x00000000ef600000, 0x00000000ef700000, 0x00000000ef700000|100%| E|CS|TAMS 0x00000000ef600000, 0x00000000ef600000| Complete 
| 247|0x00000000ef700000, 0x00000000ef800000, 0x00000000ef800000|100%| E|CS|TAMS 0x00000000ef700000, 0x00000000ef700000| Complete 
| 248|0x00000000ef800000, 0x00000000ef900000, 0x00000000ef900000|100%| E|CS|TAMS 0x00000000ef800000, 0x00000000ef800000| Complete 
| 249|0x00000000ef900000, 0x00000000efa00000, 0x00000000efa00000|100%| E|CS|TAMS 0x00000000ef900000, 0x00000000ef900000| Complete 
| 250|0x00000000efa00000, 0x00000000efb00000, 0x00000000efb00000|100%| E|CS|TAMS 0x00000000efa00000, 0x00000000efa00000| Complete 
| 251|0x00000000efb00000, 0x00000000efc00000, 0x00000000efc00000|100%| E|CS|TAMS 0x00000000efb00000, 0x00000000efb00000| Complete 
| 252|0x00000000efc00000, 0x00000000efd00000, 0x00000000efd00000|100%| E|CS|TAMS 0x00000000efc00000, 0x00000000efc00000| Complete 
| 253|0x00000000efd00000, 0x00000000efe00000, 0x00000000efe00000|100%| E|CS|TAMS 0x00000000efd00000, 0x00000000efd00000| Complete 
| 254|0x00000000efe00000, 0x00000000eff00000, 0x00000000eff00000|100%| E|CS|TAMS 0x00000000efe00000, 0x00000000efe00000| Complete 
| 255|0x00000000eff00000, 0x00000000f0000000, 0x00000000f0000000|100%| E|CS|TAMS 0x00000000eff00000, 0x00000000eff00000| Complete 

Card table byte_map: [0x00000285f28d0000,0x00000285f29d0000] _byte_map_base: 0x00000285f21d0000

Marking Bits (Prev, Next): (CMBitMap*) 0x00000285ea191aa0, (CMBitMap*) 0x00000285ea191a68
 Prev Bits: [0x00000285f32d0000, 0x00000285f3ad0000)
 Next Bits: [0x00000285f2ad0000, 0x00000285f32d0000)

Polling page: 0x00000285e80e0000

Metaspace:

Usage:
  Non-class:     61.10 MB capacity,    59.62 MB ( 98%) used,     1.24 MB (  2%) free+waste,   249.25 KB ( <1%) overhead. 
      Class:      9.84 MB capacity,     8.92 MB ( 91%) used,   818.74 KB (  8%) free+waste,   120.50 KB (  1%) overhead. 
       Both:     70.94 MB capacity,    68.55 MB ( 97%) used,     2.03 MB (  3%) free+waste,   369.75 KB ( <1%) overhead. 

Virtual space:
  Non-class space:       62.00 MB reserved,      61.17 MB ( 99%) committed 
      Class space:      248.00 MB reserved,       9.88 MB (  4%) committed 
             Both:      310.00 MB reserved,      71.05 MB ( 23%) committed 

Chunk freelists:
   Non-Class:  7.00 KB
       Class:  2.00 KB
        Both:  9.00 KB

MaxMetaspaceSize: 256.00 MB
CompressedClassSpaceSize: 248.00 MB
Initial GC threshold: 20.80 MB
Current GC threshold: 78.41 MB
CDS: off

CodeHeap 'non-profiled nmethods': size=120064Kb used=4292Kb max_used=4292Kb free=115771Kb
 bounds [0x0000028587ac0000, 0x0000028587f00000, 0x000002858f000000]
CodeHeap 'profiled nmethods': size=120000Kb used=16981Kb max_used=16981Kb free=103018Kb
 bounds [0x0000028580590000, 0x0000028581630000, 0x0000028587ac0000]
CodeHeap 'non-nmethods': size=5696Kb used=2347Kb max_used=2390Kb free=3348Kb
 bounds [0x0000028580000000, 0x0000028580270000, 0x0000028580590000]
 total_blobs=8886 nmethods=8019 adapters=779
 compilation: enabled
              stopped_count=0, restarted_count=0
 full_count=0

Compilation events (20 events):
Event: 69.730 Thread 0x00000285f6a76000 nmethod 8129 0x0000028581611d90 code [0x0000028581612460, 0x0000028581616f68]
Event: 69.730 Thread 0x00000285f6a76000 8131   !   3       org.codehaus.groovy.runtime.metaclass.ClosureMetaClass::invokeMethod (872 bytes)
Event: 69.749 Thread 0x00000285f6a76000 nmethod 8131 0x0000028581618290 code [0x0000028581618960, 0x000002858161d4d8]
Event: 69.749 Thread 0x00000285f6a76000 8130       3       groovy.lang.MetaClassImpl::getMetaMethod (74 bytes)
Event: 69.750 Thread 0x00000285f6a76000 nmethod 8130 0x000002858161ea90 code [0x000002858161eca0, 0x000002858161f228]
Event: 69.784 Thread 0x00000285f6a76000 8132   !   3       com.sun.beans.introspect.MethodInfo::get (143 bytes)
Event: 69.790 Thread 0x00000285f6a76000 nmethod 8132 0x000002858161f390 code [0x000002858161f700, 0x0000028581620d68]
Event: 69.854 Thread 0x00000285f6a76000 8133       3       java.lang.CharacterDataLatin1::isUpperCase (20 bytes)
Event: 69.855 Thread 0x00000285f6a76000 nmethod 8133 0x0000028581621510 code [0x00000285816216c0, 0x00000285816218b8]
Event: 70.066 Thread 0x00000285f6a6e800 8134       4       sun.reflect.generics.parser.SignatureParser::parseFieldTypeSignature (73 bytes)
Event: 70.222 Thread 0x00000285f6a76000 8135       3       groovy.lang.MetaClassImpl::pickMethod (12 bytes)
Event: 70.223 Thread 0x00000285f6a76000 nmethod 8135 0x0000028581621a10 code [0x0000028581621c20, 0x0000028581622308]
Event: 70.223 Thread 0x00000285f6a76000 8136       3       groovy.lang.MetaClassImpl::getMethodWithoutCaching (34 bytes)
Event: 70.224 Thread 0x00000285f6a76000 nmethod 8136 0x0000028581622510 code [0x0000028581622720, 0x0000028581622d08]
Event: 70.240 Thread 0x00000285f6a76000 8137       3       org.gradle.internal.event.BroadcastDispatch$CompositeDispatch::dispatch (9 bytes)
Event: 70.241 Thread 0x00000285f6a76000 nmethod 8137 0x0000028581622e90 code [0x0000028581623060, 0x0000028581623438]
Event: 70.241 Thread 0x00000285f6a76000 8138       3       org.gradle.internal.event.BroadcastDispatch$CompositeDispatch::dispatch (15 bytes)
Event: 70.243 Thread 0x00000285f6a76000 nmethod 8138 0x0000028581623590 code [0x0000028581623760, 0x00000285816239d8]
Event: 70.252 Thread 0x00000285f6a76000 8139       3       groovy.xml.MarkupBuilder::print (21 bytes)
Event: 70.253 Thread 0x00000285f6a76000 nmethod 8139 0x0000028581623b10 code [0x0000028581623d00, 0x0000028581624148]

GC Heap History (20 events):
Event: 4.281 GC heap before
{Heap before GC invocations=2 (full 0):
 garbage-first heap   total 262144K, used 40181K [0x00000000e0000000, 0x0000000100000000)
  region size 1024K, 31 young (31744K), 2 survivors (2048K)
 Metaspace       used 11310K, capacity 11571K, committed 11776K, reserved 266240K
  class space    used 1147K, capacity 1242K, committed 1280K, reserved 253952K
}
Event: 4.288 GC heap after
{Heap after GC invocations=3 (full 0):
 garbage-first heap   total 262144K, used 13153K [0x00000000e0000000, 0x0000000100000000)
  region size 1024K, 4 young (4096K), 4 survivors (4096K)
 Metaspace       used 11310K, capacity 11571K, committed 11776K, reserved 266240K
  class space    used 1147K, capacity 1242K, committed 1280K, reserved 253952K
}
Event: 11.559 GC heap before
{Heap before GC invocations=3 (full 0):
 garbage-first heap   total 262144K, used 56161K [0x00000000e0000000, 0x0000000100000000)
  region size 1024K, 46 young (47104K), 4 survivors (4096K)
 Metaspace       used 18433K, capacity 18924K, committed 19072K, reserved 272384K
  class space    used 2161K, capacity 2315K, committed 2432K, reserved 253952K
}
Event: 11.569 GC heap after
{Heap after GC invocations=4 (full 0):
 garbage-first heap   total 262144K, used 16997K [0x00000000e0000000, 0x0000000100000000)
  region size 1024K, 6 young (6144K), 6 survivors (6144K)
 Metaspace       used 18433K, capacity 18924K, committed 19072K, reserved 272384K
  class space    used 2161K, capacity 2315K, committed 2432K, reserved 253952K
}
Event: 12.208 GC heap before
{Heap before GC invocations=4 (full 0):
 garbage-first heap   total 262144K, used 38501K [0x00000000e0000000, 0x0000000100000000)
  region size 1024K, 28 young (28672K), 6 survivors (6144K)
 Metaspace       used 20781K, capacity 21150K, committed 21296K, reserved 274432K
  class space    used 2513K, capacity 2651K, committed 2688K, reserved 253952K
}
Event: 12.217 GC heap after
{Heap after GC invocations=5 (full 0):
 garbage-first heap   total 262144K, used 17584K [0x00000000e0000000, 0x0000000100000000)
  region size 1024K, 4 young (4096K), 4 survivors (4096K)
 Metaspace       used 20781K, capacity 21150K, committed 21296K, reserved 274432K
  class space    used 2513K, capacity 2651K, committed 2688K, reserved 253952K
}
Event: 13.828 GC heap before
{Heap before GC invocations=6 (full 0):
 garbage-first heap   total 262144K, used 70832K [0x00000000e0000000, 0x0000000100000000)
  region size 1024K, 56 young (57344K), 4 survivors (4096K)
 Metaspace       used 26528K, capacity 27173K, committed 27440K, reserved 278528K
  class space    used 3449K, capacity 3694K, committed 3712K, reserved 253952K
}
Event: 13.851 GC heap after
{Heap after GC invocations=7 (full 0):
 garbage-first heap   total 262144K, used 19487K [0x00000000e0000000, 0x0000000100000000)
  region size 1024K, 6 young (6144K), 6 survivors (6144K)
 Metaspace       used 26528K, capacity 27173K, committed 27440K, reserved 278528K
  class space    used 3449K, capacity 3694K, committed 3712K, reserved 253952K
}
Event: 15.556 GC heap before
{Heap before GC invocations=7 (full 0):
 garbage-first heap   total 262144K, used 89119K [0x00000000e0000000, 0x0000000100000000)
  region size 1024K, 75 young (76800K), 6 survivors (6144K)
 Metaspace       used 34965K, capacity 35816K, committed 35920K, reserved 286720K
  class space    used 4549K, capacity 4855K, committed 4864K, reserved 253952K
}
Event: 15.577 GC heap after
{Heap after GC invocations=8 (full 0):
 garbage-first heap   total 262144K, used 23042K [0x00000000e0000000, 0x0000000100000000)
  region size 1024K, 9 young (9216K), 9 survivors (9216K)
 Metaspace       used 34965K, capacity 35816K, committed 35920K, reserved 286720K
  class space    used 4549K, capacity 4855K, committed 4864K, reserved 253952K
}
Event: 19.105 GC heap before
{Heap before GC invocations=9 (full 0):
 garbage-first heap   total 262144K, used 143874K [0x00000000e0000000, 0x0000000100000000)
  region size 1024K, 124 young (126976K), 9 survivors (9216K)
 Metaspace       used 46438K, capacity 47525K, committed 47792K, reserved 296960K
  class space    used 5921K, capacity 6358K, committed 6400K, reserved 253952K
}
Event: 19.172 GC heap after
{Heap after GC invocations=10 (full 0):
 garbage-first heap   total 262144K, used 29783K [0x00000000e0000000, 0x0000000100000000)
  region size 1024K, 13 young (13312K), 13 survivors (13312K)
 Metaspace       used 46438K, capacity 47525K, committed 47792K, reserved 296960K
  class space    used 5921K, capacity 6358K, committed 6400K, reserved 253952K
}
Event: 23.415 GC heap before
{Heap before GC invocations=11 (full 0):
 garbage-first heap   total 262144K, used 168023K [0x00000000e0000000, 0x0000000100000000)
  region size 1024K, 148 young (151552K), 13 survivors (13312K)
 Metaspace       used 56202K, capacity 58034K, committed 58288K, reserved 305152K
  class space    used 7428K, capacity 8145K, committed 8192K, reserved 253952K
}
Event: 23.599 GC heap after
{Heap after GC invocations=12 (full 0):
 garbage-first heap   total 262144K, used 38625K [0x00000000e0000000, 0x0000000100000000)
  region size 1024K, 16 young (16384K), 16 survivors (16384K)
 Metaspace       used 56202K, capacity 58034K, committed 58288K, reserved 305152K
  class space    used 7428K, capacity 8145K, committed 8192K, reserved 253952K
}
Event: 30.432 GC heap before
{Heap before GC invocations=12 (full 0):
 garbage-first heap   total 262144K, used 180961K [0x00000000e0000000, 0x0000000100000000)
  region size 1024K, 153 young (156672K), 16 survivors (16384K)
 Metaspace       used 65709K, capacity 68021K, committed 68144K, reserved 313344K
  class space    used 8608K, capacity 9477K, committed 9600K, reserved 253952K
}
Event: 30.793 GC heap after
{Heap after GC invocations=13 (full 0):
 garbage-first heap   total 262144K, used 61440K [0x00000000e0000000, 0x0000000100000000)
  region size 1024K, 20 young (20480K), 20 survivors (20480K)
 Metaspace       used 65709K, capacity 68021K, committed 68144K, reserved 313344K
  class space    used 8608K, capacity 9477K, committed 9600K, reserved 253952K
}
Event: 31.174 GC heap before
{Heap before GC invocations=13 (full 0):
 garbage-first heap   total 262144K, used 63488K [0x00000000e0000000, 0x0000000100000000)
  region size 1024K, 22 young (22528K), 20 survivors (20480K)
 Metaspace       used 65836K, capacity 68191K, committed 68400K, reserved 313344K
  class space    used 8621K, capacity 9514K, committed 9600K, reserved 253952K
}
Event: 31.306 GC heap after
{Heap after GC invocations=14 (full 0):
 garbage-first heap   total 262144K, used 64512K [0x00000000e0000000, 0x0000000100000000)
  region size 1024K, 2 young (2048K), 2 survivors (2048K)
 Metaspace       used 65836K, capacity 68191K, committed 68400K, reserved 313344K
  class space    used 8621K, capacity 9514K, committed 9600K, reserved 253952K
}
Event: 33.209 GC heap before
{Heap before GC invocations=14 (full 0):
 garbage-first heap   total 262144K, used 98304K [0x00000000e0000000, 0x0000000100000000)
  region size 1024K, 36 young (36864K), 2 survivors (2048K)
 Metaspace       used 68400K, capacity 70636K, committed 70960K, reserved 315392K
  class space    used 8903K, capacity 9775K, committed 9856K, reserved 253952K
}
Event: 33.229 GC heap after
{Heap after GC invocations=15 (full 0):
 garbage-first heap   total 262144K, used 66483K [0x00000000e0000000, 0x0000000100000000)
  region size 1024K, 4 young (4096K), 4 survivors (4096K)
 Metaspace       used 68400K, capacity 70636K, committed 70960K, reserved 315392K
  class space    used 8903K, capacity 9775K, committed 9856K, reserved 253952K
}

Deoptimization events (20 events):
Event: 38.421 Thread 0x00000285f7989000 DEOPT PACKING pc=0x000002858102db52 sp=0x000000e02f3f2670
Event: 38.421 Thread 0x00000285f7989000 DEOPT UNPACKING pc=0x000002858004a95e sp=0x000000e02f3f1b88 mode 0
Event: 42.442 Thread 0x00000285f7991000 Uncommon trap: trap_request=0xffffff4d fr.pc=0x0000028587d87b98 relative=0x0000000000000a58
Event: 42.442 Thread 0x00000285f7991000 Uncommon trap: reason=unstable_if action=reinterpret pc=0x0000028587d87b98 method=com.esotericsoftware.kryo.io.Input.readUtf8(I)V @ 48 c2
Event: 42.442 Thread 0x00000285f7991000 DEOPT PACKING pc=0x0000028587d87b98 sp=0x000000e02fdfec30
Event: 42.442 Thread 0x00000285f7991000 DEOPT UNPACKING pc=0x000002858004a1af sp=0x000000e02fdfeb00 mode 2
Event: 42.442 Thread 0x00000285f7991000 Uncommon trap: trap_request=0xffffff4d fr.pc=0x0000028587e95548 relative=0x0000000000000408
Event: 42.442 Thread 0x00000285f7991000 Uncommon trap: reason=unstable_if action=reinterpret pc=0x0000028587e95548 method=java.lang.String.<init>([CIILjava/lang/Void;)V @ 43 c2
Event: 42.442 Thread 0x00000285f7991000 DEOPT PACKING pc=0x0000028587e95548 sp=0x000000e02fdfeb20
Event: 42.442 Thread 0x00000285f7991000 DEOPT UNPACKING pc=0x000002858004a1af sp=0x000000e02fdfea88 mode 2
Event: 52.806 Thread 0x00000285f7991000 Uncommon trap: trap_request=0xffffff4d fr.pc=0x0000028587d6e17c relative=0x00000000000004bc
Event: 52.806 Thread 0x00000285f7991000 Uncommon trap: reason=unstable_if action=reinterpret pc=0x0000028587d6e17c method=com.esotericsoftware.kryo.io.Input.readUtf8(I)V @ 48 c2
Event: 52.806 Thread 0x00000285f7991000 DEOPT PACKING pc=0x0000028587d6e17c sp=0x000000e02fdfeaf0
Event: 52.807 Thread 0x00000285f7991000 DEOPT UNPACKING pc=0x000002858004a1af sp=0x000000e02fdfea90 mode 2
Event: 52.807 Thread 0x00000285f7991000 Uncommon trap: trap_request=0xffffff4d fr.pc=0x0000028587b273e0 relative=0x00000000000003a0
Event: 52.807 Thread 0x00000285f7991000 Uncommon trap: reason=unstable_if action=reinterpret pc=0x0000028587b273e0 method=java.lang.StringUTF16.compress([CII)[B @ 13 c2
Event: 52.807 Thread 0x00000285f7991000 DEOPT PACKING pc=0x0000028587b273e0 sp=0x000000e02fdfeae0
Event: 52.807 Thread 0x00000285f7991000 DEOPT UNPACKING pc=0x000002858004a1af sp=0x000000e02fdfea20 mode 2
Event: 68.284 Thread 0x00000285f8b05800 DEOPT PACKING pc=0x000002858160921b sp=0x000000e02a2fe500
Event: 68.284 Thread 0x00000285f8b05800 DEOPT UNPACKING pc=0x000002858004a95e sp=0x000000e02a2fd970 mode 0

Classes redefined (0 events):
No events

Internal exceptions (20 events):
Event: 35.105 Thread 0x00000285f7986800 Exception <a 'java/lang/NoSuchMethodError'{0x00000000edeb8b98}: 'java.lang.Object java.lang.invoke.DirectMethodHandle$Holder.invokeStaticInit(java.lang.Object, java.lang.Object, long, java.lang.Object)'> (0x00000000edeb8b98) thrown at [./src/hotspot/share/interpreter/linkResolver.cpp, line 773]
Event: 38.268 Thread 0x00000285f7989000 Exception <a 'java/lang/ClassNotFoundException'{0x00000000ed623cc0}: org/gradle/internal/id/CompositeIdGenerator$CompositeIdBeanInfo> (0x00000000ed623cc0) thrown at [./src/hotspot/share/classfile/systemDictionary.cpp, line 230]
Event: 38.269 Thread 0x00000285f7989000 Exception <a 'java/lang/ClassNotFoundException'{0x00000000ed639400}: org/gradle/internal/id/CompositeIdGenerator$CompositeIdCustomizer> (0x00000000ed639400) thrown at [./src/hotspot/share/classfile/systemDictionary.cpp, line 230]
Event: 38.387 Thread 0x00000285f7989000 Exception <a 'java/lang/ClassNotFoundException'{0x00000000ed6b6500}: org/gradle/api/internal/tasks/testing/DefaultTestOutputEventBeanInfo> (0x00000000ed6b6500) thrown at [./src/hotspot/share/classfile/systemDictionary.cpp, line 230]
Event: 38.388 Thread 0x00000285f7989000 Exception <a 'java/lang/ClassNotFoundException'{0x00000000ed6dadc8}: org/gradle/api/internal/tasks/testing/DefaultTestOutputEventCustomizer> (0x00000000ed6dadc8) thrown at [./src/hotspot/share/classfile/systemDictionary.cpp, line 230]
Event: 38.391 Thread 0x00000285f7989000 Exception <a 'java/lang/ClassNotFoundException'{0x00000000ed6e71e8}: groovy/runtime/metaclass/[BMetaClass> (0x00000000ed6e71e8) thrown at [./src/hotspot/share/prims/jni.cpp, line 638]
Event: 38.393 Thread 0x00000285f7989000 Exception <a 'java/lang/ClassNotFoundException'{0x00000000ed6ebb28}: [BBeanInfo> (0x00000000ed6ebb28) thrown at [./src/hotspot/share/prims/jni.cpp, line 638]
Event: 38.393 Thread 0x00000285f7989000 Exception <a 'java/lang/ClassNotFoundException'{0x00000000ed6ec8d0}: [BBeanInfo> (0x00000000ed6ec8d0) thrown at [./src/hotspot/share/prims/jni.cpp, line 638]
Event: 38.393 Thread 0x00000285f7989000 Exception <a 'java/lang/ClassNotFoundException'{0x00000000ed6ed6f0}: [BCustomizer> (0x00000000ed6ed6f0) thrown at [./src/hotspot/share/prims/jni.cpp, line 638]
Event: 38.393 Thread 0x00000285f7989000 Exception <a 'java/lang/ClassNotFoundException'{0x00000000ed6ee700}: [BCustomizer> (0x00000000ed6ee700) thrown at [./src/hotspot/share/prims/jni.cpp, line 638]
Event: 38.416 Thread 0x00000285f7989000 Exception <a 'java/lang/ClassNotFoundException'{0x00000000ed4e6248}: org/codehaus/groovy/runtime/EncodingGroovyMethods$1BeanInfo> (0x00000000ed4e6248) thrown at [./src/hotspot/share/classfile/systemDictionary.cpp, line 230]
Event: 38.424 Thread 0x00000285f7989000 Exception <a 'java/lang/ClassNotFoundException'{0x00000000ed2c1b10}: org/codehaus/groovy/runtime/EncodingGroovyMethods$1Customizer> (0x00000000ed2c1b10) thrown at [./src/hotspot/share/classfile/systemDictionary.cpp, line 230]
Event: 38.438 Thread 0x00000285f7989000 Exception <a 'java/lang/ClassNotFoundException'{0x00000000ed158cb8}: groovy/xml/MarkupBuilderHelperBeanInfo> (0x00000000ed158cb8) thrown at [./src/hotspot/share/classfile/systemDictionary.cpp, line 230]
Event: 38.441 Thread 0x00000285f7989000 Exception <a 'java/lang/ClassNotFoundException'{0x00000000ed1ad310}: groovy/xml/MarkupBuilderHelperCustomizer> (0x00000000ed1ad310) thrown at [./src/hotspot/share/classfile/systemDictionary.cpp, line 230]
Event: 69.768 Thread 0x00000285f7989000 Exception <a 'java/lang/ClassNotFoundException'{0x00000000ecf90c10}: org/gradle/api/internal/tasks/testing/results/DefaultTestResultBeanInfo> (0x00000000ecf90c10) thrown at [./src/hotspot/share/classfile/systemDictionary.cpp, line 230]
Event: 69.772 Thread 0x00000285f7989000 Exception <a 'java/lang/ClassNotFoundException'{0x00000000ecfb5ad8}: org/gradle/api/internal/tasks/testing/results/DefaultTestResultCustomizer> (0x00000000ecfb5ad8) thrown at [./src/hotspot/share/classfile/systemDictionary.cpp, line 230]
Event: 70.041 Thread 0x00000285f7989000 Exception <a 'java/lang/ClassNotFoundException'{0x00000000ecff5ff0}: org/gradle/api/tasks/testing/TestResult$ResultTypeBeanInfo> (0x00000000ecff5ff0) thrown at [./src/hotspot/share/classfile/systemDictionary.cpp, line 230]
Event: 70.052 Thread 0x00000285f7989000 Exception <a 'java/lang/ClassNotFoundException'{0x00000000ecffe8f8}: java/lang/EnumBeanInfo> (0x00000000ecffe8f8) thrown at [./src/hotspot/share/classfile/systemDictionary.cpp, line 230]
Event: 70.058 Thread 0x00000285f7989000 Exception <a 'java/lang/ClassNotFoundException'{0x00000000ece074c8}: java/lang/EnumCustomizer> (0x00000000ece074c8) thrown at [./src/hotspot/share/classfile/systemDictionary.cpp, line 230]
Event: 70.072 Thread 0x00000285f7989000 Exception <a 'java/lang/ClassNotFoundException'{0x00000000ece2fa28}: org/gradle/api/tasks/testing/TestResult$ResultTypeCustomizer> (0x00000000ece2fa28) thrown at [./src/hotspot/share/classfile/systemDictionary.cpp, line 230]

Events (20 events):
Event: 70.042 loading class java/lang/EnumBeanInfo
Event: 70.047 loading class java/lang/EnumBeanInfo done
Event: 70.051 loading class java/lang/EnumBeanInfo
Event: 70.051 loading class java/lang/EnumBeanInfo done
Event: 70.053 loading class java/lang/EnumCustomizer
Event: 70.056 loading class java/lang/EnumCustomizer done
Event: 70.058 loading class java/lang/EnumCustomizer
Event: 70.058 loading class java/lang/EnumCustomizer done
Event: 70.070 loading class org/gradle/api/tasks/testing/TestResult$ResultTypeCustomizer
Event: 70.070 loading class org/gradle/api/tasks/testing/TestResult$ResultTypeCustomizer done
Event: 70.071 loading class org/gradle/api/tasks/testing/TestResult$ResultTypeCustomizer
Event: 70.071 loading class org/gradle/api/tasks/testing/TestResult$ResultTypeCustomizer done
Event: 70.071 loading class org/gradle/api/tasks/testing/TestResult$ResultTypeCustomizer
Event: 70.071 loading class org/gradle/api/tasks/testing/TestResult$ResultTypeCustomizer done
Event: 70.079 loading class IJTestEventLogger$_logTestEvent_closure1$_closure3$_closure5
Event: 70.079 loading class IJTestEventLogger$_logTestEvent_closure1$_closure3$_closure5 done
Event: 70.218 loading class groovy/runtime/metaclass/IJTestEventLogger$_logTestEvent_closure1$_closure3$_closure5MetaClass
Event: 70.218 loading class groovy/runtime/metaclass/IJTestEventLogger$_logTestEvent_closure1$_closure3$_closure5MetaClass done
Event: 70.247 loading class org/gradle/api/internal/tasks/testing/logging/TestEventLogger$1
Event: 70.247 loading class org/gradle/api/internal/tasks/testing/logging/TestEventLogger$1 done


Dynamic libraries:
0x00007ff65a5d0000 - 0x00007ff65a5dd000 	C:\Users\leroc\.jdks\corretto-11.0.18\bin\java.exe
0x00007fff89310000 - 0x00007fff89508000 	C:\Windows\SYSTEM32\ntdll.dll
0x00007fff87820000 - 0x00007fff878df000 	C:\Windows\System32\KERNEL32.DLL
0x00007fff87070000 - 0x00007fff87366000 	C:\Windows\System32\KERNELBASE.dll
0x00007fff86f40000 - 0x00007fff87040000 	C:\Windows\System32\ucrtbase.dll
0x00007fff80010000 - 0x00007fff80029000 	C:\Users\leroc\.jdks\corretto-11.0.18\bin\VCRUNTIME140.dll
0x00007fff7b7a0000 - 0x00007fff7b7b7000 	C:\Users\leroc\.jdks\corretto-11.0.18\bin\jli.dll
0x00007fff87b00000 - 0x00007fff87c9d000 	C:\Windows\System32\USER32.dll
0x00007fff87040000 - 0x00007fff87062000 	C:\Windows\System32\win32u.dll
0x00007fff88400000 - 0x00007fff8842c000 	C:\Windows\System32\GDI32.dll
0x00007fff869f0000 - 0x00007fff86b05000 	C:\Windows\System32\gdi32full.dll
0x00007fff86bc0000 - 0x00007fff86c5d000 	C:\Windows\System32\msvcp_win.dll
0x00007fff72020000 - 0x00007fff722ba000 	C:\Windows\WinSxS\amd64_microsoft.windows.common-controls_6595b64144ccf1df_6.0.19041.1110_none_60b5254171f9507e\COMCTL32.dll
0x00007fff87930000 - 0x00007fff879ce000 	C:\Windows\System32\msvcrt.dll
0x00007fff87900000 - 0x00007fff87930000 	C:\Windows\System32\IMM32.DLL
0x0000000058420000 - 0x000000005842c000 	C:\Program Files (x86)\360\Total Security\safemon\SafeWrapper.dll
0x00007fff88700000 - 0x00007fff887af000 	C:\Windows\System32\ADVAPI32.dll
0x00007fff88e50000 - 0x00007fff88eec000 	C:\Windows\System32\sechost.dll
0x00007fff88540000 - 0x00007fff88666000 	C:\Windows\System32\RPCRT4.dll
0x00007fff50bf0000 - 0x00007fff50c82000 	C:\Program Files (x86)\360\Total Security\safemon\libzdtp64.dll
0x00007fff87ca0000 - 0x00007fff883e4000 	C:\Windows\System32\SHELL32.dll
0x00007fff87470000 - 0x00007fff874c5000 	C:\Windows\System32\SHLWAPI.dll
0x00007fff86490000 - 0x00007fff8649a000 	C:\Windows\SYSTEM32\VERSION.dll
0x00007fff695d0000 - 0x00007fff6966b000 	C:\Users\leroc\.jdks\corretto-11.0.18\bin\msvcp140.dll
0x00007fff473e0000 - 0x00007fff47f6a000 	C:\Users\leroc\.jdks\corretto-11.0.18\bin\server\jvm.dll
0x00007fff87460000 - 0x00007fff87468000 	C:\Windows\System32\PSAPI.DLL
0x00007fff78b10000 - 0x00007fff78b19000 	C:\Windows\SYSTEM32\WSOCK32.dll
0x00007fff7d470000 - 0x00007fff7d497000 	C:\Windows\SYSTEM32\WINMM.dll
0x00007fff877b0000 - 0x00007fff8781b000 	C:\Windows\System32\WS2_32.dll
0x00007fff85170000 - 0x00007fff85182000 	C:\Windows\SYSTEM32\kernel.appcore.dll
0x00007fff80000000 - 0x00007fff80010000 	C:\Users\leroc\.jdks\corretto-11.0.18\bin\verify.dll
0x00007fff84f60000 - 0x00007fff85144000 	C:\Windows\SYSTEM32\DBGHELP.DLL
0x00007fff622c0000 - 0x00007fff622f4000 	C:\Windows\SYSTEM32\dbgcore.DLL
0x00007fff86c60000 - 0x00007fff86ce2000 	C:\Windows\System32\bcryptPrimitives.dll
0x00007fff6ca40000 - 0x00007fff6ca68000 	C:\Users\leroc\.jdks\corretto-11.0.18\bin\java.dll
0x00007fff7ffd0000 - 0x00007fff7ffda000 	C:\Users\leroc\.jdks\corretto-11.0.18\bin\jimage.dll
0x00007fff756a0000 - 0x00007fff756b8000 	C:\Users\leroc\.jdks\corretto-11.0.18\bin\zip.dll
0x00007fff84500000 - 0x00007fff84c93000 	C:\Windows\SYSTEM32\windows.storage.dll
0x00007fff88f70000 - 0x00007fff892c4000 	C:\Windows\System32\combase.dll
0x00007fff862f0000 - 0x00007fff8631e000 	C:\Windows\SYSTEM32\Wldp.dll
0x00007fff88430000 - 0x00007fff884dd000 	C:\Windows\System32\SHCORE.dll
0x00007fff86920000 - 0x00007fff86945000 	C:\Windows\SYSTEM32\profapi.dll
0x00007fff6a5d0000 - 0x00007fff6a5e9000 	C:\Users\leroc\.jdks\corretto-11.0.18\bin\net.dll
0x00007fff7cfe0000 - 0x00007fff7d0ea000 	C:\Windows\SYSTEM32\WINHTTP.dll
0x00007fff86030000 - 0x00007fff8609a000 	C:\Windows\system32\mswsock.dll
0x00007fff6a4e0000 - 0x00007fff6a4f3000 	C:\Users\leroc\.jdks\corretto-11.0.18\bin\nio.dll
0x00007fff80870000 - 0x00007fff80897000 	C:\Users\leroc\.gradle\native\e1d6ef7f7dcc3fd88c89a11ec53ec762bb8ba0a96d01ffa2cd45eb1d1d8dd5c5\windows-amd64\native-platform.dll
0x00007fff69480000 - 0x00007fff695c4000 	C:\Users\leroc\.gradle\native\0d407fdbe67a94daf76414ababcb853783967236a71b16ec16e742cd7a986fd3\windows-amd64\native-platform-file-events.dll
0x00007fff78a20000 - 0x00007fff78a29000 	C:\Users\leroc\.jdks\corretto-11.0.18\bin\management.dll
0x00007fff75640000 - 0x00007fff7564b000 	C:\Users\leroc\.jdks\corretto-11.0.18\bin\management_ext.dll
0x00007fff86240000 - 0x00007fff86258000 	C:\Windows\SYSTEM32\CRYPTSP.dll
0x00007fff85920000 - 0x00007fff85954000 	C:\Windows\system32\rsaenh.dll
0x00007fff86db0000 - 0x00007fff86dd7000 	C:\Windows\System32\bcrypt.dll
0x00007fff868a0000 - 0x00007fff868ce000 	C:\Windows\SYSTEM32\USERENV.dll
0x00007fff86260000 - 0x00007fff8626c000 	C:\Windows\SYSTEM32\CRYPTBASE.dll
0x00007fff85d10000 - 0x00007fff85d4b000 	C:\Windows\SYSTEM32\IPHLPAPI.DLL
0x00007fff883f0000 - 0x00007fff883f8000 	C:\Windows\System32\NSI.dll
0x00007fff7cb70000 - 0x00007fff7cb87000 	C:\Windows\SYSTEM32\dhcpcsvc6.DLL
0x00007fff7b7c0000 - 0x00007fff7b7dd000 	C:\Windows\SYSTEM32\dhcpcsvc.DLL
0x00007fff85d50000 - 0x00007fff85e1a000 	C:\Windows\SYSTEM32\DNSAPI.dll

dbghelp: loaded successfully - version: 4.0.5 - missing functions: none
symbol engine: initialized successfully - sym options: 0x614 - pdb path: .;C:\Users\leroc\.jdks\corretto-11.0.18\bin;C:\Windows\SYSTEM32;C:\Windows\WinSxS\amd64_microsoft.windows.common-controls_6595b64144ccf1df_6.0.19041.1110_none_60b5254171f9507e;C:\Program Files (x86)\360\Total Security\safemon;C:\Users\leroc\.jdks\corretto-11.0.18\bin\server;C:\Users\leroc\.gradle\native\e1d6ef7f7dcc3fd88c89a11ec53ec762bb8ba0a96d01ffa2cd45eb1d1d8dd5c5\windows-amd64;C:\Users\leroc\.gradle\native\0d407fdbe67a94daf76414ababcb853783967236a71b16ec16e742cd7a986fd3\windows-amd64

VM Arguments:
jvm_args: --add-opens=java.base/java.util=ALL-UNNAMED --add-opens=java.base/java.lang=ALL-UNNAMED --add-opens=java.base/java.lang.invoke=ALL-UNNAMED --add-opens=java.base/java.util=ALL-UNNAMED --add-opens=java.prefs/java.util.prefs=ALL-UNNAMED --add-opens=java.prefs/java.util.prefs=ALL-UNNAMED --add-opens=java.base/java.nio.charset=ALL-UNNAMED --add-opens=java.base/java.net=ALL-UNNAMED --add-opens=java.base/java.util.concurrent.atomic=ALL-UNNAMED -XX:MaxMetaspaceSize=256m -XX:+HeapDumpOnOutOfMemoryError -Xms256m -Xmx512m -Dfile.encoding=windows-1251 -Duser.country=RU -Duser.language=ru -Duser.variant 
java_command: org.gradle.launcher.daemon.bootstrap.GradleDaemon 7.5.1
java_class_path (initial): C:\Users\leroc\.gradle\wrapper\dists\gradle-7.5.1-bin\7jzzequgds1hbszbhq3npc5ng\gradle-7.5.1\lib\gradle-launcher-7.5.1.jar
Launcher Type: SUN_STANDARD

[Global flags]
     intx CICompilerCount                          = 3                                         {product} {ergonomic}
   size_t CompressedClassSpaceSize                 = 260046848                                 {product} {ergonomic}
     uint ConcGCThreads                            = 1                                         {product} {ergonomic}
     uint G1ConcRefinementThreads                  = 4                                         {product} {ergonomic}
   size_t G1HeapRegionSize                         = 1048576                                   {product} {ergonomic}
    uintx GCDrainStackTargetSize                   = 64                                        {product} {ergonomic}
     bool HeapDumpOnOutOfMemoryError               = true                                   {manageable} {command line}
   size_t InitialHeapSize                          = 268435456                                 {product} {command line}
   size_t MarkStackSize                            = 4194304                                   {product} {ergonomic}
   size_t MaxHeapSize                              = 536870912                                 {product} {command line}
   size_t MaxMetaspaceSize                         = 268435456                                 {product} {command line}
   size_t MaxNewSize                               = 321912832                                 {product} {ergonomic}
   size_t MinHeapDeltaBytes                        = 1048576                                   {product} {ergonomic}
    uintx NonNMethodCodeHeapSize                   = 5830732                                {pd product} {ergonomic}
    uintx NonProfiledCodeHeapSize                  = 122913754                              {pd product} {ergonomic}
    uintx ProfiledCodeHeapSize                     = 122913754                              {pd product} {ergonomic}
    uintx ReservedCodeCacheSize                    = 251658240                              {pd product} {ergonomic}
     bool SegmentedCodeCache                       = true                                      {product} {ergonomic}
     bool UseCompressedClassPointers               = true                                 {lp64_product} {ergonomic}
     bool UseCompressedOops                        = true                                 {lp64_product} {ergonomic}
     bool UseG1GC                                  = true                                      {product} {ergonomic}
     bool UseLargePagesIndividualAllocation        = false                                  {pd product} {ergonomic}

Logging:
Log output configuration:
 #0: stdout all=warning uptime,level,tags
 #1: stderr all=off uptime,level,tags

Environment Variables:
PATH=C:\Program Files\Common Files\Oracle\Java\javapath;C:\Program Files\Eclipse Adoptium\jdk-11.0.17.8-hotspot\bin;C:\Program Files (x86)\Common Files\Intel\Shared Files\cpp\bin\Intel64;C:\Windows\system32;C:\Windows;C:\Windows\System32\Wbem;C:\Windows\System32\WindowsPowerShell\v1.0\;C:\Windows\System32\OpenSSH\;C:\Program Files\Git\cmd;C:\Program Files\nodejs\;C:\Program Files\Docker\Docker\resources\bin;C:\Users\leroc\AppData\Local\Microsoft\WindowsApps;;C:\Users\leroc\AppData\Local\Programs\Microsoft VS Code\bin;C:\Users\leroc\AppData\Roaming\npm
USERNAME=leroc
OS=Windows_NT
PROCESSOR_IDENTIFIER=AMD64 Family 23 Model 24 Stepping 1, AuthenticAMD
TMP=C:\Users\leroc\AppData\Local\Temp
TEMP=C:\Users\leroc\AppData\Local\Temp



---------------  S Y S T E M  ---------------

OS: Windows 10 , 64 bit Build 19041 (10.0.19041.3155)
OS uptime: 0 days 16:47 hours
Hyper-V role detected

CPU:total 4 (initial active 4) (4 cores per cpu, 2 threads per core) family 23 model 24 stepping 1 microcode 0x0, cmov, cx8, fxsr, mmx, sse, sse2, sse3, ssse3, sse4.1, sse4.2, popcnt, avx, avx2, aes, clmul, mmxext, 3dnowpref, lzcnt, sse4a, ht, tsc, tscinvbit, tscinv, bmi1, bmi2, adx, sha, fma

Memory: 4k page, system-wide physical 3460M (20M free)
TotalPageFile size 14212M (AvailPageFile size 7M)
current process WorkingSet (physical memory assigned to process): 63M, peak: 287M
current process commit charge ("private bytes"): 480M, peak: 498M

vm_info: OpenJDK 64-Bit Server VM (11.0.18+10-LTS) for windows-amd64 JRE (11.0.18+10-LTS), built on Jan 10 2023 20:17:52 by "Administrator" with MS VC++ 15.9 (VS2017)

END.
